17-08-2020 17:26:57.360 [Gauge] [DEBUG] Created gauge_screenshots_dir at C:\Users\testinium\Desktop\THYMobilTest\.gauge\screenshots
17-08-2020 17:26:57.379 [Gauge] [DEBUG] Plugin java is already installed.
17-08-2020 17:26:57.392 [Gauge] [DEBUG] Plugin html-report is already installed.
17-08-2020 17:26:57.394 [Gauge] [DEBUG] Parsing started.
17-08-2020 17:26:57.394 [Gauge] [DEBUG] Started concepts parsing.
17-08-2020 17:26:57.397 [Gauge] [DEBUG] 0 concepts parsing completed.
17-08-2020 17:26:57.397 [Gauge] [DEBUG] Started specifications parsing.
17-08-2020 17:26:57.403 [Gauge] [ERROR] [ParseError] C:\Users\testinium\Desktop\THYMobilTest\specs\example.spec:9 Scenario should have atleast one step => ''
17-08-2020 17:26:57.404 [Gauge] [DEBUG] 1 specifications parsing completed.
17-08-2020 17:26:57.404 [Gauge] [DEBUG] Parsing completed.
17-08-2020 17:26:57.775 [java] [DEBUG] ***** Printing Properties/Env Values *****
17-08-2020 17:26:57.775 [java] [DEBUG] PATH: C:\Program Files (x86)\Common Files\Oracle\Java\javapath;C:\Windows\system32;C:\Windows;C:\Windows\System32\Wbem;C:\Windows\System32\WindowsPowerShell\v1.0\;C:\Windows\System32\OpenSSH\;C:\Program Files (x86)\Intel\Intel(R) Management Engine Components\DAL;C:\Program Files\Intel\Intel(R) Management Engine Components\DAL;C:\ProgramData\chocolatey\bin;C:\Program Files\Gauge\bin;C:\Program Files\Git\cmd;C:\Program Files\apache-maven-3.6.3\bin;C:\Users\testinium\AppData\Local\Android\Sdk\platform-tools;C:\Users\testinium\AppData\Local\Android\Sdk\tools;C:\Users\testinium\AppData\Local\Android\Sdk\tools\bin;C:\Program Files\Java\jdk1.8.0_261\bin;C:\Users\testinium\AppData\Local\Microsoft\WindowsApps;C:\Program Files\JetBrains\IntelliJ IDEA Community Edition 2020.1.4\bin;C:\Users\testinium\AppData\Local\GitHubDesktop\bin;C:\Users\testinium\AppData\Local\Programs\Microsoft VS Code\bin;C:\Program Files\JetBrains\IntelliJ IDEA Community Edition 2020.2\bin;;C:\Users\testinium\AppData\Roaming\gauge\plugins\screenshot\0.0.1
17-08-2020 17:26:57.775 [java] [DEBUG] JAVA_HOME: C:\Program Files\Java\jdk1.8.0_261
17-08-2020 17:26:57.775 [java] [DEBUG] gauge_project_root: C:\Users\testinium\Desktop\THYMobilTest
17-08-2020 17:26:57.775 [java] [DEBUG] gauge_parallel_streams_count: 8
17-08-2020 17:26:57.775 [java] [DEBUG] gauge_reports_dir: reports
17-08-2020 17:26:57.775 [java] [DEBUG] overwrite_reports: true
17-08-2020 17:26:57.775 [java] [DEBUG] logs_directory: logs
17-08-2020 17:26:57.775 [java] [DEBUG] enable_multithreading: false
17-08-2020 17:26:57.775 [java] [DEBUG] gauge_specs_dir: specs
17-08-2020 17:26:57.775 [java] [DEBUG] csv_delimiter: ,
17-08-2020 17:26:57.775 [java] [DEBUG] gauge_java_home: 
17-08-2020 17:26:57.775 [java] [DEBUG] gauge_custom_build_path: 
17-08-2020 17:26:57.775 [java] [DEBUG] gauge_additional_libs: libs/*
17-08-2020 17:26:57.775 [java] [DEBUG] gauge_jvm_args: 
17-08-2020 17:26:57.775 [java] [DEBUG] gauge_custom_compile_dir: 
17-08-2020 17:26:57.775 [java] [DEBUG] gauge_clear_state_level: scenario
17-08-2020 17:26:57.775 [java] [DEBUG] ***** END *****
17-08-2020 17:26:58.134 [Gauge] [DEBUG] Checking updates...
17-08-2020 17:26:58.136 [Gauge] [DEBUG] Downloading https://downloads.gauge.org/plugin/html-report?l=java&p=html-report,java,json-report,screenshot,spectacle,xml-report&o=windows&a=amd64
17-08-2020 17:26:59.129 [Gauge] [DEBUG] Downloading https://downloads.gauge.org/plugin/java?l=java&p=html-report,java,json-report,screenshot,spectacle,xml-report&o=windows&a=amd64
17-08-2020 17:26:59.320 [Gauge] [DEBUG] Downloading https://downloads.gauge.org/plugin/json-report?l=java&p=html-report,java,json-report,screenshot,spectacle,xml-report&o=windows&a=amd64
17-08-2020 17:26:59.711 [Gauge] [DEBUG] Downloading https://downloads.gauge.org/plugin/screenshot?l=java&p=html-report,java,json-report,screenshot,spectacle,xml-report&o=windows&a=amd64
17-08-2020 17:27:00.099 [Gauge] [DEBUG] Downloading https://downloads.gauge.org/plugin/spectacle?l=java&p=html-report,java,json-report,screenshot,spectacle,xml-report&o=windows&a=amd64
17-08-2020 17:27:00.589 [Gauge] [DEBUG] Downloading https://downloads.gauge.org/plugin/xml-report?l=java&p=html-report,java,json-report,screenshot,spectacle,xml-report&o=windows&a=amd64
17-08-2020 17:27:02.195 [java] [DEBUG] classpath set to C:\Program Files\Java\jdk1.8.0_261\jre\lib\charsets.jar;C:\Program Files\Java\jdk1.8.0_261\jre\lib\deploy.jar;C:\Program Files\Java\jdk1.8.0_261\jre\lib\ext\access-bridge-64.jar;C:\Program Files\Java\jdk1.8.0_261\jre\lib\ext\cldrdata.jar;C:\Program Files\Java\jdk1.8.0_261\jre\lib\ext\dnsns.jar;C:\Program Files\Java\jdk1.8.0_261\jre\lib\ext\jaccess.jar;C:\Program Files\Java\jdk1.8.0_261\jre\lib\ext\jfxrt.jar;C:\Program Files\Java\jdk1.8.0_261\jre\lib\ext\localedata.jar;C:\Program Files\Java\jdk1.8.0_261\jre\lib\ext\nashorn.jar;C:\Program Files\Java\jdk1.8.0_261\jre\lib\ext\sunec.jar;C:\Program Files\Java\jdk1.8.0_261\jre\lib\ext\sunjce_provider.jar;C:\Program Files\Java\jdk1.8.0_261\jre\lib\ext\sunmscapi.jar;C:\Program Files\Java\jdk1.8.0_261\jre\lib\ext\sunpkcs11.jar;C:\Program Files\Java\jdk1.8.0_261\jre\lib\ext\zipfs.jar;C:\Program Files\Java\jdk1.8.0_261\jre\lib\javaws.jar;C:\Program Files\Java\jdk1.8.0_261\jre\lib\jce.jar;C:\Program Files\Java\jdk1.8.0_261\jre\lib\jfr.jar;C:\Program Files\Java\jdk1.8.0_261\jre\lib\jfxswt.jar;C:\Program Files\Java\jdk1.8.0_261\jre\lib\jsse.jar;C:\Program Files\Java\jdk1.8.0_261\jre\lib\management-agent.jar;C:\Program Files\Java\jdk1.8.0_261\jre\lib\plugin.jar;C:\Program Files\Java\jdk1.8.0_261\jre\lib\resources.jar;C:\Program Files\Java\jdk1.8.0_261\jre\lib\rt.jar;C:\Users\testinium\Desktop\THYMobilTest\target\test-classes;C:\Users\testinium\.m2\repository\com\thoughtworks\gauge\gauge-java\0.7.9\gauge-java-0.7.9.jar;C:\Users\testinium\.m2\repository\com\github\javaparser\javaparser-core\3.16.1\javaparser-core-3.16.1.jar;C:\Users\testinium\.m2\repository\commons-io\commons-io\2.7\commons-io-2.7.jar;C:\Users\testinium\.m2\repository\commons-lang\commons-lang\2.6\commons-lang-2.6.jar;C:\Users\testinium\.m2\repository\org\json\json\20200518\json-20200518.jar;C:\Users\testinium\.m2\repository\com\google\protobuf\protobuf-java\3.12.2\protobuf-java-3.12.2.jar;C:\Users\testinium\.m2\repository\com\google\guava\guava\29.0-jre\guava-29.0-jre.jar;C:\Users\testinium\.m2\repository\com\google\guava\failureaccess\1.0.1\failureaccess-1.0.1.jar;C:\Users\testinium\.m2\repository\com\google\guava\listenablefuture\9999.0-empty-to-avoid-conflict-with-guava\listenablefuture-9999.0-empty-to-avoid-conflict-with-guava.jar;C:\Users\testinium\.m2\repository\com\google\code\findbugs\jsr305\3.0.2\jsr305-3.0.2.jar;C:\Users\testinium\.m2\repository\org\checkerframework\checker-qual\2.11.1\checker-qual-2.11.1.jar;C:\Users\testinium\.m2\repository\com\google\errorprone\error_prone_annotations\2.3.4\error_prone_annotations-2.3.4.jar;C:\Users\testinium\.m2\repository\com\google\j2objc\j2objc-annotations\1.3\j2objc-annotations-1.3.jar;C:\Users\testinium\.m2\repository\io\grpc\grpc-netty-shaded\1.30.2\grpc-netty-shaded-1.30.2.jar;C:\Users\testinium\.m2\repository\io\grpc\grpc-core\1.30.2\grpc-core-1.30.2.jar;C:\Users\testinium\.m2\repository\com\google\android\annotations\4.1.1.4\annotations-4.1.1.4.jar;C:\Users\testinium\.m2\repository\io\perfmark\perfmark-api\0.19.0\perfmark-api-0.19.0.jar;C:\Users\testinium\.m2\repository\io\grpc\grpc-protobuf\1.30.2\grpc-protobuf-1.30.2.jar;C:\Users\testinium\.m2\repository\io\grpc\grpc-api\1.30.2\grpc-api-1.30.2.jar;C:\Users\testinium\.m2\repository\io\grpc\grpc-context\1.30.2\grpc-context-1.30.2.jar;C:\Users\testinium\.m2\repository\com\google\api\grpc\proto-google-common-protos\1.17.0\proto-google-common-protos-1.17.0.jar;C:\Users\testinium\.m2\repository\io\grpc\grpc-protobuf-lite\1.30.2\grpc-protobuf-lite-1.30.2.jar;C:\Users\testinium\.m2\repository\org\codehaus\mojo\animal-sniffer-annotations\1.18\animal-sniffer-annotations-1.18.jar;C:\Users\testinium\.m2\repository\io\grpc\grpc-stub\1.30.2\grpc-stub-1.30.2.jar;C:\Users\testinium\.m2\repository\javax\annotation\javax.annotation-api\1.3.2\javax.annotation-api-1.3.2.jar;C:\Users\testinium\.m2\repository\org\assertj\assertj-core\3.10.0\assertj-core-3.10.0.jar;C:\Users\testinium\.m2\repository\org\seleniumhq\selenium\selenium-java\3.12.0\selenium-java-3.12.0.jar;C:\Users\testinium\.m2\repository\org\seleniumhq\selenium\selenium-api\3.12.0\selenium-api-3.12.0.jar;C:\Users\testinium\.m2\repository\org\seleniumhq\selenium\selenium-chrome-driver\3.12.0\selenium-chrome-driver-3.12.0.jar;C:\Users\testinium\.m2\repository\org\seleniumhq\selenium\selenium-edge-driver\3.12.0\selenium-edge-driver-3.12.0.jar;C:\Users\testinium\.m2\repository\org\seleniumhq\selenium\selenium-firefox-driver\3.12.0\selenium-firefox-driver-3.12.0.jar;C:\Users\testinium\.m2\repository\org\seleniumhq\selenium\selenium-ie-driver\3.12.0\selenium-ie-driver-3.12.0.jar;C:\Users\testinium\.m2\repository\org\seleniumhq\selenium\selenium-opera-driver\3.12.0\selenium-opera-driver-3.12.0.jar;C:\Users\testinium\.m2\repository\org\seleniumhq\selenium\selenium-remote-driver\3.12.0\selenium-remote-driver-3.12.0.jar;C:\Users\testinium\.m2\repository\org\seleniumhq\selenium\selenium-safari-driver\3.12.0\selenium-safari-driver-3.12.0.jar;C:\Users\testinium\.m2\repository\org\seleniumhq\selenium\selenium-support\3.12.0\selenium-support-3.12.0.jar;C:\Users\testinium\.m2\repository\net\bytebuddy\byte-buddy\1.8.3\byte-buddy-1.8.3.jar;C:\Users\testinium\.m2\repository\org\apache\commons\commons-exec\1.3\commons-exec-1.3.jar;C:\Users\testinium\.m2\repository\commons-codec\commons-codec\1.10\commons-codec-1.10.jar;C:\Users\testinium\.m2\repository\commons-logging\commons-logging\1.2\commons-logging-1.2.jar;C:\Users\testinium\.m2\repository\com\google\code\gson\gson\2.8.2\gson-2.8.2.jar;C:\Users\testinium\.m2\repository\org\apache\httpcomponents\httpclient\4.5.3\httpclient-4.5.3.jar;C:\Users\testinium\.m2\repository\org\apache\httpcomponents\httpcore\4.4.6\httpcore-4.4.6.jar;C:\Users\testinium\.m2\repository\com\squareup\okhttp3\okhttp\3.9.1\okhttp-3.9.1.jar;C:\Users\testinium\.m2\repository\com\squareup\okio\okio\1.13.0\okio-1.13.0.jar;C:\Users\testinium\.m2\repository\io\appium\java-client\7.3.0\java-client-7.3.0.jar;C:\Users\testinium\.m2\repository\cglib\cglib\3.2.12\cglib-3.2.12.jar;C:\Users\testinium\.m2\repository\org\ow2\asm\asm\7.1\asm-7.1.jar;C:\Users\testinium\.m2\repository\commons-validator\commons-validator\1.6\commons-validator-1.6.jar;C:\Users\testinium\.m2\repository\commons-beanutils\commons-beanutils\1.9.2\commons-beanutils-1.9.2.jar;C:\Users\testinium\.m2\repository\commons-digester\commons-digester\1.8.1\commons-digester-1.8.1.jar;C:\Users\testinium\.m2\repository\commons-collections\commons-collections\3.2.2\commons-collections-3.2.2.jar;C:\Users\testinium\.m2\repository\org\apache\commons\commons-lang3\3.9\commons-lang3-3.9.jar;C:\Users\testinium\.m2\repository\org\springframework\spring-context\5.1.8.RELEASE\spring-context-5.1.8.RELEASE.jar;C:\Users\testinium\.m2\repository\org\springframework\spring-aop\5.1.8.RELEASE\spring-aop-5.1.8.RELEASE.jar;C:\Users\testinium\.m2\repository\org\springframework\spring-beans\5.1.8.RELEASE\spring-beans-5.1.8.RELEASE.jar;C:\Users\testinium\.m2\repository\org\springframework\spring-core\5.1.8.RELEASE\spring-core-5.1.8.RELEASE.jar;C:\Users\testinium\.m2\repository\org\springframework\spring-jcl\5.1.8.RELEASE\spring-jcl-5.1.8.RELEASE.jar;C:\Users\testinium\.m2\repository\org\springframework\spring-expression\5.1.8.RELEASE\spring-expression-5.1.8.RELEASE.jar;C:\Users\testinium\.m2\repository\org\aspectj\aspectjweaver\1.9.4\aspectjweaver-1.9.4.jar;C:\Users\testinium\.m2\repository\org\slf4j\slf4j-api\1.7.26\slf4j-api-1.7.26.jar;C:\Users\testinium\.m2\repository\io\github\bonigarcia\webdrivermanager\2.2.2\webdrivermanager-2.2.2.jar;C:\Users\testinium\.m2\repository\org\rauschig\jarchivelib\0.7.1\jarchivelib-0.7.1.jar;C:\Users\testinium\.m2\repository\org\apache\commons\commons-compress\1.9\commons-compress-1.9.jar;C:\Users\testinium\.m2\repository\org\jsoup\jsoup\1.11.3\jsoup-1.11.3.jar;C:\Users\testinium\.m2\repository\org\reflections\reflections\0.9.10\reflections-0.9.10.jar;C:\Users\testinium\.m2\repository\org\javassist\javassist\3.19.0-GA\javassist-3.19.0-GA.jar;C:\Users\testinium\.m2\repository\com\google\code\findbugs\annotations\2.0.1\annotations-2.0.1.jar
17-08-2020 17:27:02.428 [java] [DEBUG] found java executable in C:\Program Files\Java\jdk1.8.0_261\jre\bin\java.exe
17-08-2020 17:27:02.428 [java] [DEBUG] running - C:\Program Files\Java\jdk1.8.0_261\jre\bin\java.exe [-Dfile.encoding=UTF-8 com.thoughtworks.gauge.GaugeRuntime --start]
17-08-2020 17:27:02.428 [java] [DEBUG] stdout/stderr is logged to logs\16052-java.exe.out
17-08-2020 17:27:02.835 [java] [DEBUG] multithreading is set to false
17-08-2020 17:27:03.157 [java] [DEBUG] Using reflection to scan dependencies for gauge implementations...
17-08-2020 17:27:03.369 [java] [ERROR] SLF4J: Failed to load class "org.slf4j.impl.StaticLoggerBinder".
17-08-2020 17:27:03.369 [java] [ERROR] SLF4J: Defaulting to no-operation (NOP) logger implementation
17-08-2020 17:27:03.369 [java] [ERROR] SLF4J: See http://www.slf4j.org/codes.html#StaticLoggerBinder for further details.
17-08-2020 17:27:03.876 [java] [DEBUG] gauge-java took 1040milliseconds to load and scan. This should be less than 'runner_connection_timeout' config value.
17-08-2020 17:27:03.876 [java] [DEBUG] run 'gauge config runner_connection_timeout' and verify that it is < 1040
17-08-2020 17:27:03.876 [java] [DEBUG] starting gRPC server...
17-08-2020 17:27:04.489 [java] [DEBUG] started gRPC server on port 53350
17-08-2020 17:27:04.489 [Gauge] [DEBUG] Attempting to connect to grpc server at port: 53350
17-08-2020 17:27:04.737 [Gauge] [DEBUG] Successfully made the connection with runner with port: 53350
17-08-2020 17:27:04.737 [Gauge] [DEBUG] Validation started.
17-08-2020 17:27:04.737 [Gauge] [DEBUG] Validation completed.
17-08-2020 17:27:04.740 [Gauge] [DEBUG] Run started
17-08-2020 17:27:04.745 [Gauge] [DEBUG] Starting Html Report plugin
17-08-2020 17:27:05.691 [Gauge] [DEBUG] Attempting to connect to grpc server at port: 53353
17-08-2020 17:27:05.692 [Gauge] [DEBUG] Successfully made the connection with plugin with port: 53353
17-08-2020 17:27:05.693 [Gauge] [DEBUG] Initialising suite data store.
17-08-2020 17:27:08.445 [java] [DEBUG] Scanning packages for steps
17-08-2020 17:27:08.544 [java] [DEBUG] Comparing 'com.testinium.StepImplementation.start' and 'com.testinium.StepImplementation.start'
17-08-2020 17:27:08.544 [java] [DEBUG] Found başla in current project scope.
17-08-2020 17:27:08.544 [java] [DEBUG] Scanning packages for hooks
17-08-2020 17:27:08.567 [java] [DEBUG] Scanned steps (using static parsing + reflections): 
17-08-2020 17:27:08.567 [java] [DEBUG] 	başla : public void start()
17-08-2020 17:27:15.784 [html-report] [DEBUG] Transformed SuiteResult to report structure
17-08-2020 17:27:17.001 [html-report] [INFO] Successfully generated html-report to => C:\Users\testinium\Desktop\THYMobilTest\reports\html-report\index.html
17-08-2020 17:27:17.001 [html-report] [DEBUG] Done generating HTML report using theme from C:\Users\testinium\AppData\Roaming\gauge\plugins\html-report\4.0.12\themes\default
17-08-2020 17:27:17.001 [Gauge] [DEBUG] Sending kill message to Html Report plugin.
17-08-2020 17:27:17.715 [Gauge] [DEBUG] Runner with PID:16052 has exited
17-08-2020 17:27:17.715 [Gauge] [INFO] Specifications:	0 executed	0 passed	0 failed	0 skipped
17-08-2020 17:27:17.715 [Gauge] [INFO] Scenarios:	0 executed	0 passed	0 failed	0 skipped
17-08-2020 17:27:17.715 [Gauge] [INFO] 
Total time taken: 11.027s
17-08-2020 17:28:25.457 [Gauge] [DEBUG] Created gauge_screenshots_dir at C:\Users\testinium\Desktop\THYMobilTest\.gauge\screenshots
17-08-2020 17:28:25.459 [Gauge] [DEBUG] Plugin java is already installed.
17-08-2020 17:28:25.460 [Gauge] [DEBUG] Plugin html-report is already installed.
17-08-2020 17:28:25.461 [Gauge] [DEBUG] Parsing started.
17-08-2020 17:28:25.461 [Gauge] [DEBUG] Started concepts parsing.
17-08-2020 17:28:25.465 [Gauge] [DEBUG] 0 concepts parsing completed.
17-08-2020 17:28:25.465 [Gauge] [DEBUG] Started specifications parsing.
17-08-2020 17:28:25.466 [Gauge] [DEBUG] 1 specifications parsing completed.
17-08-2020 17:28:25.466 [Gauge] [DEBUG] Parsing completed.
17-08-2020 17:28:25.497 [java] [DEBUG] ***** Printing Properties/Env Values *****
17-08-2020 17:28:25.498 [java] [DEBUG] PATH: C:\Program Files (x86)\Common Files\Oracle\Java\javapath;C:\Windows\system32;C:\Windows;C:\Windows\System32\Wbem;C:\Windows\System32\WindowsPowerShell\v1.0\;C:\Windows\System32\OpenSSH\;C:\Program Files (x86)\Intel\Intel(R) Management Engine Components\DAL;C:\Program Files\Intel\Intel(R) Management Engine Components\DAL;C:\ProgramData\chocolatey\bin;C:\Program Files\Gauge\bin;C:\Program Files\Git\cmd;C:\Program Files\apache-maven-3.6.3\bin;C:\Users\testinium\AppData\Local\Android\Sdk\platform-tools;C:\Users\testinium\AppData\Local\Android\Sdk\tools;C:\Users\testinium\AppData\Local\Android\Sdk\tools\bin;C:\Program Files\Java\jdk1.8.0_261\bin;C:\Users\testinium\AppData\Local\Microsoft\WindowsApps;C:\Program Files\JetBrains\IntelliJ IDEA Community Edition 2020.1.4\bin;C:\Users\testinium\AppData\Local\GitHubDesktop\bin;C:\Users\testinium\AppData\Local\Programs\Microsoft VS Code\bin;C:\Program Files\JetBrains\IntelliJ IDEA Community Edition 2020.2\bin;;C:\Users\testinium\AppData\Roaming\gauge\plugins\screenshot\0.0.1
17-08-2020 17:28:25.498 [java] [DEBUG] JAVA_HOME: C:\Program Files\Java\jdk1.8.0_261
17-08-2020 17:28:25.498 [java] [DEBUG] gauge_project_root: C:\Users\testinium\Desktop\THYMobilTest
17-08-2020 17:28:25.498 [java] [DEBUG] gauge_parallel_streams_count: 8
17-08-2020 17:28:25.498 [java] [DEBUG] gauge_reports_dir: reports
17-08-2020 17:28:25.498 [java] [DEBUG] overwrite_reports: true
17-08-2020 17:28:25.498 [java] [DEBUG] logs_directory: logs
17-08-2020 17:28:25.498 [java] [DEBUG] enable_multithreading: false
17-08-2020 17:28:25.498 [java] [DEBUG] gauge_specs_dir: specs
17-08-2020 17:28:25.498 [java] [DEBUG] csv_delimiter: ,
17-08-2020 17:28:25.498 [java] [DEBUG] gauge_java_home: 
17-08-2020 17:28:25.498 [java] [DEBUG] gauge_custom_build_path: 
17-08-2020 17:28:25.498 [java] [DEBUG] gauge_additional_libs: libs/*
17-08-2020 17:28:25.498 [java] [DEBUG] gauge_jvm_args: 
17-08-2020 17:28:25.498 [java] [DEBUG] gauge_custom_compile_dir: 
17-08-2020 17:28:25.498 [java] [DEBUG] gauge_clear_state_level: scenario
17-08-2020 17:28:25.498 [java] [DEBUG] ***** END *****
17-08-2020 17:28:25.808 [Gauge] [DEBUG] Checking updates...
17-08-2020 17:28:25.810 [Gauge] [DEBUG] Downloading https://downloads.gauge.org/plugin/html-report?l=java&p=html-report,java,json-report,screenshot,spectacle,xml-report&o=windows&a=amd64
17-08-2020 17:28:26.486 [Gauge] [DEBUG] Downloading https://downloads.gauge.org/plugin/java?l=java&p=html-report,java,json-report,screenshot,spectacle,xml-report&o=windows&a=amd64
17-08-2020 17:28:26.766 [Gauge] [DEBUG] Downloading https://downloads.gauge.org/plugin/json-report?l=java&p=html-report,java,json-report,screenshot,spectacle,xml-report&o=windows&a=amd64
17-08-2020 17:28:26.925 [Gauge] [DEBUG] Downloading https://downloads.gauge.org/plugin/screenshot?l=java&p=html-report,java,json-report,screenshot,spectacle,xml-report&o=windows&a=amd64
17-08-2020 17:28:27.070 [Gauge] [DEBUG] Downloading https://downloads.gauge.org/plugin/spectacle?l=java&p=html-report,java,json-report,screenshot,spectacle,xml-report&o=windows&a=amd64
17-08-2020 17:28:27.231 [Gauge] [DEBUG] Downloading https://downloads.gauge.org/plugin/xml-report?l=java&p=html-report,java,json-report,screenshot,spectacle,xml-report&o=windows&a=amd64
17-08-2020 17:28:31.305 [java] [DEBUG] classpath set to C:\Program Files\Java\jdk1.8.0_261\jre\lib\charsets.jar;C:\Program Files\Java\jdk1.8.0_261\jre\lib\deploy.jar;C:\Program Files\Java\jdk1.8.0_261\jre\lib\ext\access-bridge-64.jar;C:\Program Files\Java\jdk1.8.0_261\jre\lib\ext\cldrdata.jar;C:\Program Files\Java\jdk1.8.0_261\jre\lib\ext\dnsns.jar;C:\Program Files\Java\jdk1.8.0_261\jre\lib\ext\jaccess.jar;C:\Program Files\Java\jdk1.8.0_261\jre\lib\ext\jfxrt.jar;C:\Program Files\Java\jdk1.8.0_261\jre\lib\ext\localedata.jar;C:\Program Files\Java\jdk1.8.0_261\jre\lib\ext\nashorn.jar;C:\Program Files\Java\jdk1.8.0_261\jre\lib\ext\sunec.jar;C:\Program Files\Java\jdk1.8.0_261\jre\lib\ext\sunjce_provider.jar;C:\Program Files\Java\jdk1.8.0_261\jre\lib\ext\sunmscapi.jar;C:\Program Files\Java\jdk1.8.0_261\jre\lib\ext\sunpkcs11.jar;C:\Program Files\Java\jdk1.8.0_261\jre\lib\ext\zipfs.jar;C:\Program Files\Java\jdk1.8.0_261\jre\lib\javaws.jar;C:\Program Files\Java\jdk1.8.0_261\jre\lib\jce.jar;C:\Program Files\Java\jdk1.8.0_261\jre\lib\jfr.jar;C:\Program Files\Java\jdk1.8.0_261\jre\lib\jfxswt.jar;C:\Program Files\Java\jdk1.8.0_261\jre\lib\jsse.jar;C:\Program Files\Java\jdk1.8.0_261\jre\lib\management-agent.jar;C:\Program Files\Java\jdk1.8.0_261\jre\lib\plugin.jar;C:\Program Files\Java\jdk1.8.0_261\jre\lib\resources.jar;C:\Program Files\Java\jdk1.8.0_261\jre\lib\rt.jar;C:\Users\testinium\Desktop\THYMobilTest\target\test-classes;C:\Users\testinium\.m2\repository\com\thoughtworks\gauge\gauge-java\0.7.9\gauge-java-0.7.9.jar;C:\Users\testinium\.m2\repository\com\github\javaparser\javaparser-core\3.16.1\javaparser-core-3.16.1.jar;C:\Users\testinium\.m2\repository\commons-io\commons-io\2.7\commons-io-2.7.jar;C:\Users\testinium\.m2\repository\commons-lang\commons-lang\2.6\commons-lang-2.6.jar;C:\Users\testinium\.m2\repository\org\json\json\20200518\json-20200518.jar;C:\Users\testinium\.m2\repository\com\google\protobuf\protobuf-java\3.12.2\protobuf-java-3.12.2.jar;C:\Users\testinium\.m2\repository\com\google\guava\guava\29.0-jre\guava-29.0-jre.jar;C:\Users\testinium\.m2\repository\com\google\guava\failureaccess\1.0.1\failureaccess-1.0.1.jar;C:\Users\testinium\.m2\repository\com\google\guava\listenablefuture\9999.0-empty-to-avoid-conflict-with-guava\listenablefuture-9999.0-empty-to-avoid-conflict-with-guava.jar;C:\Users\testinium\.m2\repository\com\google\code\findbugs\jsr305\3.0.2\jsr305-3.0.2.jar;C:\Users\testinium\.m2\repository\org\checkerframework\checker-qual\2.11.1\checker-qual-2.11.1.jar;C:\Users\testinium\.m2\repository\com\google\errorprone\error_prone_annotations\2.3.4\error_prone_annotations-2.3.4.jar;C:\Users\testinium\.m2\repository\com\google\j2objc\j2objc-annotations\1.3\j2objc-annotations-1.3.jar;C:\Users\testinium\.m2\repository\io\grpc\grpc-netty-shaded\1.30.2\grpc-netty-shaded-1.30.2.jar;C:\Users\testinium\.m2\repository\io\grpc\grpc-core\1.30.2\grpc-core-1.30.2.jar;C:\Users\testinium\.m2\repository\com\google\android\annotations\4.1.1.4\annotations-4.1.1.4.jar;C:\Users\testinium\.m2\repository\io\perfmark\perfmark-api\0.19.0\perfmark-api-0.19.0.jar;C:\Users\testinium\.m2\repository\io\grpc\grpc-protobuf\1.30.2\grpc-protobuf-1.30.2.jar;C:\Users\testinium\.m2\repository\io\grpc\grpc-api\1.30.2\grpc-api-1.30.2.jar;C:\Users\testinium\.m2\repository\io\grpc\grpc-context\1.30.2\grpc-context-1.30.2.jar;C:\Users\testinium\.m2\repository\com\google\api\grpc\proto-google-common-protos\1.17.0\proto-google-common-protos-1.17.0.jar;C:\Users\testinium\.m2\repository\io\grpc\grpc-protobuf-lite\1.30.2\grpc-protobuf-lite-1.30.2.jar;C:\Users\testinium\.m2\repository\org\codehaus\mojo\animal-sniffer-annotations\1.18\animal-sniffer-annotations-1.18.jar;C:\Users\testinium\.m2\repository\io\grpc\grpc-stub\1.30.2\grpc-stub-1.30.2.jar;C:\Users\testinium\.m2\repository\javax\annotation\javax.annotation-api\1.3.2\javax.annotation-api-1.3.2.jar;C:\Users\testinium\.m2\repository\org\assertj\assertj-core\3.10.0\assertj-core-3.10.0.jar;C:\Users\testinium\.m2\repository\org\seleniumhq\selenium\selenium-java\3.12.0\selenium-java-3.12.0.jar;C:\Users\testinium\.m2\repository\org\seleniumhq\selenium\selenium-api\3.12.0\selenium-api-3.12.0.jar;C:\Users\testinium\.m2\repository\org\seleniumhq\selenium\selenium-chrome-driver\3.12.0\selenium-chrome-driver-3.12.0.jar;C:\Users\testinium\.m2\repository\org\seleniumhq\selenium\selenium-edge-driver\3.12.0\selenium-edge-driver-3.12.0.jar;C:\Users\testinium\.m2\repository\org\seleniumhq\selenium\selenium-firefox-driver\3.12.0\selenium-firefox-driver-3.12.0.jar;C:\Users\testinium\.m2\repository\org\seleniumhq\selenium\selenium-ie-driver\3.12.0\selenium-ie-driver-3.12.0.jar;C:\Users\testinium\.m2\repository\org\seleniumhq\selenium\selenium-opera-driver\3.12.0\selenium-opera-driver-3.12.0.jar;C:\Users\testinium\.m2\repository\org\seleniumhq\selenium\selenium-remote-driver\3.12.0\selenium-remote-driver-3.12.0.jar;C:\Users\testinium\.m2\repository\org\seleniumhq\selenium\selenium-safari-driver\3.12.0\selenium-safari-driver-3.12.0.jar;C:\Users\testinium\.m2\repository\org\seleniumhq\selenium\selenium-support\3.12.0\selenium-support-3.12.0.jar;C:\Users\testinium\.m2\repository\net\bytebuddy\byte-buddy\1.8.3\byte-buddy-1.8.3.jar;C:\Users\testinium\.m2\repository\org\apache\commons\commons-exec\1.3\commons-exec-1.3.jar;C:\Users\testinium\.m2\repository\commons-codec\commons-codec\1.10\commons-codec-1.10.jar;C:\Users\testinium\.m2\repository\commons-logging\commons-logging\1.2\commons-logging-1.2.jar;C:\Users\testinium\.m2\repository\com\google\code\gson\gson\2.8.2\gson-2.8.2.jar;C:\Users\testinium\.m2\repository\org\apache\httpcomponents\httpclient\4.5.3\httpclient-4.5.3.jar;C:\Users\testinium\.m2\repository\org\apache\httpcomponents\httpcore\4.4.6\httpcore-4.4.6.jar;C:\Users\testinium\.m2\repository\com\squareup\okhttp3\okhttp\3.9.1\okhttp-3.9.1.jar;C:\Users\testinium\.m2\repository\com\squareup\okio\okio\1.13.0\okio-1.13.0.jar;C:\Users\testinium\.m2\repository\io\appium\java-client\7.3.0\java-client-7.3.0.jar;C:\Users\testinium\.m2\repository\cglib\cglib\3.2.12\cglib-3.2.12.jar;C:\Users\testinium\.m2\repository\org\ow2\asm\asm\7.1\asm-7.1.jar;C:\Users\testinium\.m2\repository\commons-validator\commons-validator\1.6\commons-validator-1.6.jar;C:\Users\testinium\.m2\repository\commons-beanutils\commons-beanutils\1.9.2\commons-beanutils-1.9.2.jar;C:\Users\testinium\.m2\repository\commons-digester\commons-digester\1.8.1\commons-digester-1.8.1.jar;C:\Users\testinium\.m2\repository\commons-collections\commons-collections\3.2.2\commons-collections-3.2.2.jar;C:\Users\testinium\.m2\repository\org\apache\commons\commons-lang3\3.9\commons-lang3-3.9.jar;C:\Users\testinium\.m2\repository\org\springframework\spring-context\5.1.8.RELEASE\spring-context-5.1.8.RELEASE.jar;C:\Users\testinium\.m2\repository\org\springframework\spring-aop\5.1.8.RELEASE\spring-aop-5.1.8.RELEASE.jar;C:\Users\testinium\.m2\repository\org\springframework\spring-beans\5.1.8.RELEASE\spring-beans-5.1.8.RELEASE.jar;C:\Users\testinium\.m2\repository\org\springframework\spring-core\5.1.8.RELEASE\spring-core-5.1.8.RELEASE.jar;C:\Users\testinium\.m2\repository\org\springframework\spring-jcl\5.1.8.RELEASE\spring-jcl-5.1.8.RELEASE.jar;C:\Users\testinium\.m2\repository\org\springframework\spring-expression\5.1.8.RELEASE\spring-expression-5.1.8.RELEASE.jar;C:\Users\testinium\.m2\repository\org\aspectj\aspectjweaver\1.9.4\aspectjweaver-1.9.4.jar;C:\Users\testinium\.m2\repository\org\slf4j\slf4j-api\1.7.26\slf4j-api-1.7.26.jar;C:\Users\testinium\.m2\repository\io\github\bonigarcia\webdrivermanager\2.2.2\webdrivermanager-2.2.2.jar;C:\Users\testinium\.m2\repository\org\rauschig\jarchivelib\0.7.1\jarchivelib-0.7.1.jar;C:\Users\testinium\.m2\repository\org\apache\commons\commons-compress\1.9\commons-compress-1.9.jar;C:\Users\testinium\.m2\repository\org\jsoup\jsoup\1.11.3\jsoup-1.11.3.jar;C:\Users\testinium\.m2\repository\org\reflections\reflections\0.9.10\reflections-0.9.10.jar;C:\Users\testinium\.m2\repository\org\javassist\javassist\3.19.0-GA\javassist-3.19.0-GA.jar;C:\Users\testinium\.m2\repository\com\google\code\findbugs\annotations\2.0.1\annotations-2.0.1.jar
17-08-2020 17:28:31.354 [java] [DEBUG] found java executable in C:\Program Files\Java\jdk1.8.0_261\jre\bin\java.exe
17-08-2020 17:28:31.355 [java] [DEBUG] running - C:\Program Files\Java\jdk1.8.0_261\jre\bin\java.exe [-Dfile.encoding=UTF-8 com.thoughtworks.gauge.GaugeRuntime --start]
17-08-2020 17:28:31.355 [java] [DEBUG] stdout/stderr is logged to logs\15228-java.exe.out
17-08-2020 17:28:31.606 [java] [DEBUG] multithreading is set to false
17-08-2020 17:28:31.970 [java] [DEBUG] Using reflection to scan dependencies for gauge implementations...
17-08-2020 17:28:32.143 [java] [ERROR] SLF4J: Failed to load class "org.slf4j.impl.StaticLoggerBinder".
17-08-2020 17:28:32.144 [java] [ERROR] SLF4J: Defaulting to no-operation (NOP) logger implementation
17-08-2020 17:28:32.144 [java] [ERROR] SLF4J: See http://www.slf4j.org/codes.html#StaticLoggerBinder for further details.
17-08-2020 17:28:33.228 [java] [DEBUG] gauge-java took 1622milliseconds to load and scan. This should be less than 'runner_connection_timeout' config value.
17-08-2020 17:28:33.228 [java] [DEBUG] run 'gauge config runner_connection_timeout' and verify that it is < 1622
17-08-2020 17:28:33.228 [java] [DEBUG] starting gRPC server...
17-08-2020 17:28:33.922 [java] [DEBUG] started gRPC server on port 53433
17-08-2020 17:28:33.923 [Gauge] [DEBUG] Attempting to connect to grpc server at port: 53433
17-08-2020 17:28:34.159 [Gauge] [DEBUG] Successfully made the connection with runner with port: 53433
17-08-2020 17:28:34.160 [Gauge] [DEBUG] Validation started.
17-08-2020 17:28:37.116 [java] [DEBUG] Scanning packages for steps
17-08-2020 17:28:37.191 [java] [DEBUG] Comparing 'com.testinium.StepImplementation.start' and 'com.testinium.StepImplementation.start'
17-08-2020 17:28:37.191 [java] [DEBUG] Found başla in current project scope.
17-08-2020 17:28:37.191 [java] [DEBUG] Scanning packages for hooks
17-08-2020 17:28:37.237 [java] [DEBUG] Scanned steps (using static parsing + reflections): 
17-08-2020 17:28:37.238 [java] [DEBUG] 	başla : public void start()
17-08-2020 17:28:42.137 [Gauge] [DEBUG] Validation completed.
17-08-2020 17:28:42.141 [Gauge] [DEBUG] Run started
17-08-2020 17:28:42.144 [Gauge] [DEBUG] Starting Html Report plugin
17-08-2020 17:28:42.168 [Gauge] [DEBUG] Attempting to connect to grpc server at port: 53438
17-08-2020 17:28:42.169 [Gauge] [DEBUG] Successfully made the connection with plugin with port: 53438
17-08-2020 17:28:42.169 [Gauge] [DEBUG] Initialising suite data store.
17-08-2020 17:28:43.047 [html-report] [DEBUG] Transformed SuiteResult to report structure
17-08-2020 17:28:43.087 [html-report] [INFO] Successfully generated html-report to => C:\Users\testinium\Desktop\THYMobilTest\reports\html-report\index.html
17-08-2020 17:28:43.087 [html-report] [DEBUG] Done generating HTML report using theme from C:\Users\testinium\AppData\Roaming\gauge\plugins\html-report\4.0.12\themes\default
17-08-2020 17:28:43.087 [Gauge] [DEBUG] Sending kill message to Html Report plugin.
17-08-2020 17:28:44.507 [Gauge] [DEBUG] Runner with PID:15228 has exited
17-08-2020 17:28:44.509 [Gauge] [INFO] Specifications:	0 executed	0 passed	0 failed	0 skipped
17-08-2020 17:28:44.509 [Gauge] [INFO] Scenarios:	0 executed	0 passed	0 failed	0 skipped
17-08-2020 17:28:44.510 [Gauge] [INFO] 
Total time taken: 901ms
17-08-2020 17:30:16.754 [Gauge] [DEBUG] Created gauge_screenshots_dir at C:\Users\testinium\Desktop\THYMobilTest\.gauge\screenshots
17-08-2020 17:30:16.756 [Gauge] [DEBUG] Plugin java is already installed.
17-08-2020 17:30:16.756 [Gauge] [DEBUG] Plugin html-report is already installed.
17-08-2020 17:30:16.757 [Gauge] [DEBUG] Parsing started.
17-08-2020 17:30:16.757 [Gauge] [DEBUG] Started concepts parsing.
17-08-2020 17:30:16.764 [Gauge] [DEBUG] 0 concepts parsing completed.
17-08-2020 17:30:16.764 [Gauge] [DEBUG] Started specifications parsing.
17-08-2020 17:30:16.764 [Gauge] [DEBUG] 1 specifications parsing completed.
17-08-2020 17:30:16.764 [Gauge] [DEBUG] Parsing completed.
17-08-2020 17:30:16.792 [java] [DEBUG] ***** Printing Properties/Env Values *****
17-08-2020 17:30:16.792 [java] [DEBUG] PATH: C:\Program Files (x86)\Common Files\Oracle\Java\javapath;C:\Windows\system32;C:\Windows;C:\Windows\System32\Wbem;C:\Windows\System32\WindowsPowerShell\v1.0\;C:\Windows\System32\OpenSSH\;C:\Program Files (x86)\Intel\Intel(R) Management Engine Components\DAL;C:\Program Files\Intel\Intel(R) Management Engine Components\DAL;C:\ProgramData\chocolatey\bin;C:\Program Files\Gauge\bin;C:\Program Files\Git\cmd;C:\Program Files\apache-maven-3.6.3\bin;C:\Users\testinium\AppData\Local\Android\Sdk\platform-tools;C:\Users\testinium\AppData\Local\Android\Sdk\tools;C:\Users\testinium\AppData\Local\Android\Sdk\tools\bin;C:\Program Files\Java\jdk1.8.0_261\bin;C:\Users\testinium\AppData\Local\Microsoft\WindowsApps;C:\Program Files\JetBrains\IntelliJ IDEA Community Edition 2020.1.4\bin;C:\Users\testinium\AppData\Local\GitHubDesktop\bin;C:\Users\testinium\AppData\Local\Programs\Microsoft VS Code\bin;C:\Program Files\JetBrains\IntelliJ IDEA Community Edition 2020.2\bin;;C:\Users\testinium\AppData\Roaming\gauge\plugins\screenshot\0.0.1
17-08-2020 17:30:16.792 [java] [DEBUG] JAVA_HOME: C:\Program Files\Java\jdk1.8.0_261
17-08-2020 17:30:16.792 [java] [DEBUG] gauge_project_root: C:\Users\testinium\Desktop\THYMobilTest
17-08-2020 17:30:16.792 [java] [DEBUG] gauge_parallel_streams_count: 8
17-08-2020 17:30:16.792 [java] [DEBUG] gauge_reports_dir: reports
17-08-2020 17:30:16.792 [java] [DEBUG] overwrite_reports: true
17-08-2020 17:30:16.792 [java] [DEBUG] logs_directory: logs
17-08-2020 17:30:16.792 [java] [DEBUG] enable_multithreading: false
17-08-2020 17:30:16.792 [java] [DEBUG] gauge_specs_dir: specs
17-08-2020 17:30:16.792 [java] [DEBUG] csv_delimiter: ,
17-08-2020 17:30:16.792 [java] [DEBUG] gauge_java_home: 
17-08-2020 17:30:16.792 [java] [DEBUG] gauge_custom_build_path: 
17-08-2020 17:30:16.792 [java] [DEBUG] gauge_additional_libs: libs/*
17-08-2020 17:30:16.792 [java] [DEBUG] gauge_jvm_args: 
17-08-2020 17:30:16.792 [java] [DEBUG] gauge_custom_compile_dir: 
17-08-2020 17:30:16.792 [java] [DEBUG] gauge_clear_state_level: scenario
17-08-2020 17:30:16.792 [java] [DEBUG] ***** END *****
17-08-2020 17:30:17.085 [Gauge] [DEBUG] Checking updates...
17-08-2020 17:30:17.087 [Gauge] [DEBUG] Downloading https://downloads.gauge.org/plugin/html-report?l=java&p=html-report,java,json-report,screenshot,spectacle,xml-report&o=windows&a=amd64
17-08-2020 17:30:18.555 [Gauge] [DEBUG] Downloading https://downloads.gauge.org/plugin/java?l=java&p=html-report,java,json-report,screenshot,spectacle,xml-report&o=windows&a=amd64
17-08-2020 17:30:18.803 [Gauge] [DEBUG] Downloading https://downloads.gauge.org/plugin/json-report?l=java&p=html-report,java,json-report,screenshot,spectacle,xml-report&o=windows&a=amd64
17-08-2020 17:30:18.960 [Gauge] [DEBUG] Downloading https://downloads.gauge.org/plugin/screenshot?l=java&p=html-report,java,json-report,screenshot,spectacle,xml-report&o=windows&a=amd64
17-08-2020 17:30:19.090 [Gauge] [DEBUG] Downloading https://downloads.gauge.org/plugin/spectacle?l=java&p=html-report,java,json-report,screenshot,spectacle,xml-report&o=windows&a=amd64
17-08-2020 17:30:19.228 [Gauge] [DEBUG] Downloading https://downloads.gauge.org/plugin/xml-report?l=java&p=html-report,java,json-report,screenshot,spectacle,xml-report&o=windows&a=amd64
17-08-2020 17:30:21.372 [java] [DEBUG] classpath set to C:\Program Files\Java\jdk1.8.0_261\jre\lib\charsets.jar;C:\Program Files\Java\jdk1.8.0_261\jre\lib\deploy.jar;C:\Program Files\Java\jdk1.8.0_261\jre\lib\ext\access-bridge-64.jar;C:\Program Files\Java\jdk1.8.0_261\jre\lib\ext\cldrdata.jar;C:\Program Files\Java\jdk1.8.0_261\jre\lib\ext\dnsns.jar;C:\Program Files\Java\jdk1.8.0_261\jre\lib\ext\jaccess.jar;C:\Program Files\Java\jdk1.8.0_261\jre\lib\ext\jfxrt.jar;C:\Program Files\Java\jdk1.8.0_261\jre\lib\ext\localedata.jar;C:\Program Files\Java\jdk1.8.0_261\jre\lib\ext\nashorn.jar;C:\Program Files\Java\jdk1.8.0_261\jre\lib\ext\sunec.jar;C:\Program Files\Java\jdk1.8.0_261\jre\lib\ext\sunjce_provider.jar;C:\Program Files\Java\jdk1.8.0_261\jre\lib\ext\sunmscapi.jar;C:\Program Files\Java\jdk1.8.0_261\jre\lib\ext\sunpkcs11.jar;C:\Program Files\Java\jdk1.8.0_261\jre\lib\ext\zipfs.jar;C:\Program Files\Java\jdk1.8.0_261\jre\lib\javaws.jar;C:\Program Files\Java\jdk1.8.0_261\jre\lib\jce.jar;C:\Program Files\Java\jdk1.8.0_261\jre\lib\jfr.jar;C:\Program Files\Java\jdk1.8.0_261\jre\lib\jfxswt.jar;C:\Program Files\Java\jdk1.8.0_261\jre\lib\jsse.jar;C:\Program Files\Java\jdk1.8.0_261\jre\lib\management-agent.jar;C:\Program Files\Java\jdk1.8.0_261\jre\lib\plugin.jar;C:\Program Files\Java\jdk1.8.0_261\jre\lib\resources.jar;C:\Program Files\Java\jdk1.8.0_261\jre\lib\rt.jar;C:\Users\testinium\Desktop\THYMobilTest\target\test-classes;C:\Users\testinium\.m2\repository\com\thoughtworks\gauge\gauge-java\0.7.9\gauge-java-0.7.9.jar;C:\Users\testinium\.m2\repository\com\github\javaparser\javaparser-core\3.16.1\javaparser-core-3.16.1.jar;C:\Users\testinium\.m2\repository\commons-io\commons-io\2.7\commons-io-2.7.jar;C:\Users\testinium\.m2\repository\commons-lang\commons-lang\2.6\commons-lang-2.6.jar;C:\Users\testinium\.m2\repository\org\json\json\20200518\json-20200518.jar;C:\Users\testinium\.m2\repository\com\google\protobuf\protobuf-java\3.12.2\protobuf-java-3.12.2.jar;C:\Users\testinium\.m2\repository\com\google\guava\guava\29.0-jre\guava-29.0-jre.jar;C:\Users\testinium\.m2\repository\com\google\guava\failureaccess\1.0.1\failureaccess-1.0.1.jar;C:\Users\testinium\.m2\repository\com\google\guava\listenablefuture\9999.0-empty-to-avoid-conflict-with-guava\listenablefuture-9999.0-empty-to-avoid-conflict-with-guava.jar;C:\Users\testinium\.m2\repository\com\google\code\findbugs\jsr305\3.0.2\jsr305-3.0.2.jar;C:\Users\testinium\.m2\repository\org\checkerframework\checker-qual\2.11.1\checker-qual-2.11.1.jar;C:\Users\testinium\.m2\repository\com\google\errorprone\error_prone_annotations\2.3.4\error_prone_annotations-2.3.4.jar;C:\Users\testinium\.m2\repository\com\google\j2objc\j2objc-annotations\1.3\j2objc-annotations-1.3.jar;C:\Users\testinium\.m2\repository\io\grpc\grpc-netty-shaded\1.30.2\grpc-netty-shaded-1.30.2.jar;C:\Users\testinium\.m2\repository\io\grpc\grpc-core\1.30.2\grpc-core-1.30.2.jar;C:\Users\testinium\.m2\repository\com\google\android\annotations\4.1.1.4\annotations-4.1.1.4.jar;C:\Users\testinium\.m2\repository\io\perfmark\perfmark-api\0.19.0\perfmark-api-0.19.0.jar;C:\Users\testinium\.m2\repository\io\grpc\grpc-protobuf\1.30.2\grpc-protobuf-1.30.2.jar;C:\Users\testinium\.m2\repository\io\grpc\grpc-api\1.30.2\grpc-api-1.30.2.jar;C:\Users\testinium\.m2\repository\io\grpc\grpc-context\1.30.2\grpc-context-1.30.2.jar;C:\Users\testinium\.m2\repository\com\google\api\grpc\proto-google-common-protos\1.17.0\proto-google-common-protos-1.17.0.jar;C:\Users\testinium\.m2\repository\io\grpc\grpc-protobuf-lite\1.30.2\grpc-protobuf-lite-1.30.2.jar;C:\Users\testinium\.m2\repository\org\codehaus\mojo\animal-sniffer-annotations\1.18\animal-sniffer-annotations-1.18.jar;C:\Users\testinium\.m2\repository\io\grpc\grpc-stub\1.30.2\grpc-stub-1.30.2.jar;C:\Users\testinium\.m2\repository\javax\annotation\javax.annotation-api\1.3.2\javax.annotation-api-1.3.2.jar;C:\Users\testinium\.m2\repository\org\assertj\assertj-core\3.10.0\assertj-core-3.10.0.jar;C:\Users\testinium\.m2\repository\org\seleniumhq\selenium\selenium-java\3.12.0\selenium-java-3.12.0.jar;C:\Users\testinium\.m2\repository\org\seleniumhq\selenium\selenium-api\3.12.0\selenium-api-3.12.0.jar;C:\Users\testinium\.m2\repository\org\seleniumhq\selenium\selenium-chrome-driver\3.12.0\selenium-chrome-driver-3.12.0.jar;C:\Users\testinium\.m2\repository\org\seleniumhq\selenium\selenium-edge-driver\3.12.0\selenium-edge-driver-3.12.0.jar;C:\Users\testinium\.m2\repository\org\seleniumhq\selenium\selenium-firefox-driver\3.12.0\selenium-firefox-driver-3.12.0.jar;C:\Users\testinium\.m2\repository\org\seleniumhq\selenium\selenium-ie-driver\3.12.0\selenium-ie-driver-3.12.0.jar;C:\Users\testinium\.m2\repository\org\seleniumhq\selenium\selenium-opera-driver\3.12.0\selenium-opera-driver-3.12.0.jar;C:\Users\testinium\.m2\repository\org\seleniumhq\selenium\selenium-remote-driver\3.12.0\selenium-remote-driver-3.12.0.jar;C:\Users\testinium\.m2\repository\org\seleniumhq\selenium\selenium-safari-driver\3.12.0\selenium-safari-driver-3.12.0.jar;C:\Users\testinium\.m2\repository\org\seleniumhq\selenium\selenium-support\3.12.0\selenium-support-3.12.0.jar;C:\Users\testinium\.m2\repository\net\bytebuddy\byte-buddy\1.8.3\byte-buddy-1.8.3.jar;C:\Users\testinium\.m2\repository\org\apache\commons\commons-exec\1.3\commons-exec-1.3.jar;C:\Users\testinium\.m2\repository\commons-codec\commons-codec\1.10\commons-codec-1.10.jar;C:\Users\testinium\.m2\repository\commons-logging\commons-logging\1.2\commons-logging-1.2.jar;C:\Users\testinium\.m2\repository\com\google\code\gson\gson\2.8.2\gson-2.8.2.jar;C:\Users\testinium\.m2\repository\org\apache\httpcomponents\httpclient\4.5.3\httpclient-4.5.3.jar;C:\Users\testinium\.m2\repository\org\apache\httpcomponents\httpcore\4.4.6\httpcore-4.4.6.jar;C:\Users\testinium\.m2\repository\com\squareup\okhttp3\okhttp\3.9.1\okhttp-3.9.1.jar;C:\Users\testinium\.m2\repository\com\squareup\okio\okio\1.13.0\okio-1.13.0.jar;C:\Users\testinium\.m2\repository\io\appium\java-client\7.3.0\java-client-7.3.0.jar;C:\Users\testinium\.m2\repository\cglib\cglib\3.2.12\cglib-3.2.12.jar;C:\Users\testinium\.m2\repository\org\ow2\asm\asm\7.1\asm-7.1.jar;C:\Users\testinium\.m2\repository\commons-validator\commons-validator\1.6\commons-validator-1.6.jar;C:\Users\testinium\.m2\repository\commons-beanutils\commons-beanutils\1.9.2\commons-beanutils-1.9.2.jar;C:\Users\testinium\.m2\repository\commons-digester\commons-digester\1.8.1\commons-digester-1.8.1.jar;C:\Users\testinium\.m2\repository\commons-collections\commons-collections\3.2.2\commons-collections-3.2.2.jar;C:\Users\testinium\.m2\repository\org\apache\commons\commons-lang3\3.9\commons-lang3-3.9.jar;C:\Users\testinium\.m2\repository\org\springframework\spring-context\5.1.8.RELEASE\spring-context-5.1.8.RELEASE.jar;C:\Users\testinium\.m2\repository\org\springframework\spring-aop\5.1.8.RELEASE\spring-aop-5.1.8.RELEASE.jar;C:\Users\testinium\.m2\repository\org\springframework\spring-beans\5.1.8.RELEASE\spring-beans-5.1.8.RELEASE.jar;C:\Users\testinium\.m2\repository\org\springframework\spring-core\5.1.8.RELEASE\spring-core-5.1.8.RELEASE.jar;C:\Users\testinium\.m2\repository\org\springframework\spring-jcl\5.1.8.RELEASE\spring-jcl-5.1.8.RELEASE.jar;C:\Users\testinium\.m2\repository\org\springframework\spring-expression\5.1.8.RELEASE\spring-expression-5.1.8.RELEASE.jar;C:\Users\testinium\.m2\repository\org\aspectj\aspectjweaver\1.9.4\aspectjweaver-1.9.4.jar;C:\Users\testinium\.m2\repository\org\slf4j\slf4j-api\1.7.26\slf4j-api-1.7.26.jar;C:\Users\testinium\.m2\repository\io\github\bonigarcia\webdrivermanager\2.2.2\webdrivermanager-2.2.2.jar;C:\Users\testinium\.m2\repository\org\rauschig\jarchivelib\0.7.1\jarchivelib-0.7.1.jar;C:\Users\testinium\.m2\repository\org\apache\commons\commons-compress\1.9\commons-compress-1.9.jar;C:\Users\testinium\.m2\repository\org\jsoup\jsoup\1.11.3\jsoup-1.11.3.jar;C:\Users\testinium\.m2\repository\org\reflections\reflections\0.9.10\reflections-0.9.10.jar;C:\Users\testinium\.m2\repository\org\javassist\javassist\3.19.0-GA\javassist-3.19.0-GA.jar;C:\Users\testinium\.m2\repository\com\google\code\findbugs\annotations\2.0.1\annotations-2.0.1.jar
17-08-2020 17:30:21.415 [java] [DEBUG] found java executable in C:\Program Files\Java\jdk1.8.0_261\jre\bin\java.exe
17-08-2020 17:30:21.415 [java] [DEBUG] running - C:\Program Files\Java\jdk1.8.0_261\jre\bin\java.exe [-Dfile.encoding=UTF-8 com.thoughtworks.gauge.GaugeRuntime --start]
17-08-2020 17:30:21.415 [java] [DEBUG] stdout/stderr is logged to logs\14356-java.exe.out
17-08-2020 17:30:21.633 [java] [DEBUG] multithreading is set to false
17-08-2020 17:30:22.047 [java] [DEBUG] Using reflection to scan dependencies for gauge implementations...
17-08-2020 17:30:22.247 [java] [ERROR] SLF4J: Failed to load class "org.slf4j.impl.StaticLoggerBinder".
17-08-2020 17:30:22.247 [java] [ERROR] SLF4J: Defaulting to no-operation (NOP) logger implementation
17-08-2020 17:30:22.247 [java] [ERROR] SLF4J: See http://www.slf4j.org/codes.html#StaticLoggerBinder for further details.
17-08-2020 17:30:22.805 [java] [DEBUG] gauge-java took 1171milliseconds to load and scan. This should be less than 'runner_connection_timeout' config value.
17-08-2020 17:30:22.805 [java] [DEBUG] run 'gauge config runner_connection_timeout' and verify that it is < 1171
17-08-2020 17:30:22.805 [java] [DEBUG] starting gRPC server...
17-08-2020 17:30:24.188 [java] [DEBUG] started gRPC server on port 53493
17-08-2020 17:30:24.189 [Gauge] [DEBUG] Attempting to connect to grpc server at port: 53493
17-08-2020 17:30:24.434 [Gauge] [DEBUG] Successfully made the connection with runner with port: 53493
17-08-2020 17:30:24.434 [Gauge] [DEBUG] Validation started.
17-08-2020 17:30:26.987 [java] [DEBUG] Scanning packages for steps
17-08-2020 17:30:27.029 [java] [DEBUG] Comparing 'com.testinium.StepImplementation.start' and 'com.testinium.StepImplementation.start'
17-08-2020 17:30:27.029 [java] [DEBUG] Found start in current project scope.
17-08-2020 17:30:27.029 [java] [DEBUG] Scanning packages for hooks
17-08-2020 17:30:27.039 [java] [DEBUG] Scanned steps (using static parsing + reflections): 
17-08-2020 17:30:27.039 [java] [DEBUG] 	start : public void start()
17-08-2020 17:30:29.782 [Gauge] [DEBUG] Validation completed.
17-08-2020 17:30:29.786 [Gauge] [DEBUG] Run started
17-08-2020 17:30:29.787 [Gauge] [DEBUG] Starting Html Report plugin
17-08-2020 17:30:29.817 [Gauge] [DEBUG] Attempting to connect to grpc server at port: 53497
17-08-2020 17:30:29.818 [Gauge] [DEBUG] Successfully made the connection with plugin with port: 53497
17-08-2020 17:30:29.818 [Gauge] [DEBUG] Initialising suite data store.
17-08-2020 17:30:30.663 [html-report] [DEBUG] Transformed SuiteResult to report structure
17-08-2020 17:30:30.682 [html-report] [INFO] Successfully generated html-report to => C:\Users\testinium\Desktop\THYMobilTest\reports\html-report\index.html
17-08-2020 17:30:30.682 [html-report] [DEBUG] Done generating HTML report using theme from C:\Users\testinium\AppData\Roaming\gauge\plugins\html-report\4.0.12\themes\default
17-08-2020 17:30:30.682 [Gauge] [DEBUG] Sending kill message to Html Report plugin.
17-08-2020 17:30:32.101 [Gauge] [DEBUG] Runner with PID:14356 has exited
17-08-2020 17:30:32.101 [Gauge] [INFO] Specifications:	0 executed	0 passed	0 failed	0 skipped
17-08-2020 17:30:32.101 [Gauge] [INFO] Scenarios:	0 executed	0 passed	0 failed	0 skipped
17-08-2020 17:30:32.108 [Gauge] [INFO] 
Total time taken: 875ms
17-08-2020 17:33:46.377 [Gauge] [DEBUG] Created gauge_screenshots_dir at C:\Users\testinium\Desktop\THYMobilTest\.gauge\screenshots
17-08-2020 17:33:46.379 [Gauge] [DEBUG] Plugin java is already installed.
17-08-2020 17:33:46.380 [Gauge] [DEBUG] Plugin html-report is already installed.
17-08-2020 17:33:46.380 [Gauge] [DEBUG] Parsing started.
17-08-2020 17:33:46.380 [Gauge] [DEBUG] Started concepts parsing.
17-08-2020 17:33:46.384 [Gauge] [DEBUG] 0 concepts parsing completed.
17-08-2020 17:33:46.385 [Gauge] [DEBUG] Started specifications parsing.
17-08-2020 17:33:46.385 [Gauge] [DEBUG] 1 specifications parsing completed.
17-08-2020 17:33:46.385 [Gauge] [DEBUG] Parsing completed.
17-08-2020 17:33:46.410 [java] [DEBUG] ***** Printing Properties/Env Values *****
17-08-2020 17:33:46.410 [java] [DEBUG] PATH: C:\Program Files (x86)\Common Files\Oracle\Java\javapath;C:\Windows\system32;C:\Windows;C:\Windows\System32\Wbem;C:\Windows\System32\WindowsPowerShell\v1.0\;C:\Windows\System32\OpenSSH\;C:\Program Files (x86)\Intel\Intel(R) Management Engine Components\DAL;C:\Program Files\Intel\Intel(R) Management Engine Components\DAL;C:\ProgramData\chocolatey\bin;C:\Program Files\Gauge\bin;C:\Program Files\Git\cmd;C:\Program Files\apache-maven-3.6.3\bin;C:\Users\testinium\AppData\Local\Android\Sdk\platform-tools;C:\Users\testinium\AppData\Local\Android\Sdk\tools;C:\Users\testinium\AppData\Local\Android\Sdk\tools\bin;C:\Program Files\Java\jdk1.8.0_261\bin;C:\Users\testinium\AppData\Local\Microsoft\WindowsApps;C:\Program Files\JetBrains\IntelliJ IDEA Community Edition 2020.1.4\bin;C:\Users\testinium\AppData\Local\GitHubDesktop\bin;C:\Users\testinium\AppData\Local\Programs\Microsoft VS Code\bin;C:\Program Files\JetBrains\IntelliJ IDEA Community Edition 2020.2\bin;;C:\Users\testinium\AppData\Roaming\gauge\plugins\screenshot\0.0.1
17-08-2020 17:33:46.410 [java] [DEBUG] JAVA_HOME: C:\Program Files\Java\jdk1.8.0_261
17-08-2020 17:33:46.410 [java] [DEBUG] gauge_project_root: C:\Users\testinium\Desktop\THYMobilTest
17-08-2020 17:33:46.410 [java] [DEBUG] gauge_parallel_streams_count: 8
17-08-2020 17:33:46.410 [java] [DEBUG] gauge_reports_dir: reports
17-08-2020 17:33:46.410 [java] [DEBUG] overwrite_reports: true
17-08-2020 17:33:46.410 [java] [DEBUG] logs_directory: logs
17-08-2020 17:33:46.410 [java] [DEBUG] enable_multithreading: false
17-08-2020 17:33:46.410 [java] [DEBUG] gauge_specs_dir: specs
17-08-2020 17:33:46.410 [java] [DEBUG] csv_delimiter: ,
17-08-2020 17:33:46.410 [java] [DEBUG] gauge_java_home: 
17-08-2020 17:33:46.410 [java] [DEBUG] gauge_custom_build_path: 
17-08-2020 17:33:46.410 [java] [DEBUG] gauge_additional_libs: libs/*
17-08-2020 17:33:46.410 [java] [DEBUG] gauge_jvm_args: 
17-08-2020 17:33:46.410 [java] [DEBUG] gauge_custom_compile_dir: 
17-08-2020 17:33:46.410 [java] [DEBUG] gauge_clear_state_level: scenario
17-08-2020 17:33:46.410 [java] [DEBUG] ***** END *****
17-08-2020 17:33:46.834 [Gauge] [DEBUG] Checking updates...
17-08-2020 17:33:46.837 [Gauge] [DEBUG] Downloading https://downloads.gauge.org/plugin/html-report?l=java&p=html-report,java,json-report,screenshot,spectacle,xml-report&o=windows&a=amd64
17-08-2020 17:33:47.370 [Gauge] [DEBUG] Downloading https://downloads.gauge.org/plugin/java?l=java&p=html-report,java,json-report,screenshot,spectacle,xml-report&o=windows&a=amd64
17-08-2020 17:33:47.525 [Gauge] [DEBUG] Downloading https://downloads.gauge.org/plugin/json-report?l=java&p=html-report,java,json-report,screenshot,spectacle,xml-report&o=windows&a=amd64
17-08-2020 17:33:47.680 [Gauge] [DEBUG] Downloading https://downloads.gauge.org/plugin/screenshot?l=java&p=html-report,java,json-report,screenshot,spectacle,xml-report&o=windows&a=amd64
17-08-2020 17:33:47.828 [Gauge] [DEBUG] Downloading https://downloads.gauge.org/plugin/spectacle?l=java&p=html-report,java,json-report,screenshot,spectacle,xml-report&o=windows&a=amd64
17-08-2020 17:33:47.967 [Gauge] [DEBUG] Downloading https://downloads.gauge.org/plugin/xml-report?l=java&p=html-report,java,json-report,screenshot,spectacle,xml-report&o=windows&a=amd64
17-08-2020 17:33:49.915 [java] [DEBUG] classpath set to C:\Program Files\Java\jdk1.8.0_261\jre\lib\charsets.jar;C:\Program Files\Java\jdk1.8.0_261\jre\lib\deploy.jar;C:\Program Files\Java\jdk1.8.0_261\jre\lib\ext\access-bridge-64.jar;C:\Program Files\Java\jdk1.8.0_261\jre\lib\ext\cldrdata.jar;C:\Program Files\Java\jdk1.8.0_261\jre\lib\ext\dnsns.jar;C:\Program Files\Java\jdk1.8.0_261\jre\lib\ext\jaccess.jar;C:\Program Files\Java\jdk1.8.0_261\jre\lib\ext\jfxrt.jar;C:\Program Files\Java\jdk1.8.0_261\jre\lib\ext\localedata.jar;C:\Program Files\Java\jdk1.8.0_261\jre\lib\ext\nashorn.jar;C:\Program Files\Java\jdk1.8.0_261\jre\lib\ext\sunec.jar;C:\Program Files\Java\jdk1.8.0_261\jre\lib\ext\sunjce_provider.jar;C:\Program Files\Java\jdk1.8.0_261\jre\lib\ext\sunmscapi.jar;C:\Program Files\Java\jdk1.8.0_261\jre\lib\ext\sunpkcs11.jar;C:\Program Files\Java\jdk1.8.0_261\jre\lib\ext\zipfs.jar;C:\Program Files\Java\jdk1.8.0_261\jre\lib\javaws.jar;C:\Program Files\Java\jdk1.8.0_261\jre\lib\jce.jar;C:\Program Files\Java\jdk1.8.0_261\jre\lib\jfr.jar;C:\Program Files\Java\jdk1.8.0_261\jre\lib\jfxswt.jar;C:\Program Files\Java\jdk1.8.0_261\jre\lib\jsse.jar;C:\Program Files\Java\jdk1.8.0_261\jre\lib\management-agent.jar;C:\Program Files\Java\jdk1.8.0_261\jre\lib\plugin.jar;C:\Program Files\Java\jdk1.8.0_261\jre\lib\resources.jar;C:\Program Files\Java\jdk1.8.0_261\jre\lib\rt.jar;C:\Users\testinium\Desktop\THYMobilTest\target\test-classes;C:\Users\testinium\.m2\repository\com\thoughtworks\gauge\gauge-java\0.7.9\gauge-java-0.7.9.jar;C:\Users\testinium\.m2\repository\com\github\javaparser\javaparser-core\3.16.1\javaparser-core-3.16.1.jar;C:\Users\testinium\.m2\repository\commons-io\commons-io\2.7\commons-io-2.7.jar;C:\Users\testinium\.m2\repository\commons-lang\commons-lang\2.6\commons-lang-2.6.jar;C:\Users\testinium\.m2\repository\org\json\json\20200518\json-20200518.jar;C:\Users\testinium\.m2\repository\com\google\protobuf\protobuf-java\3.12.2\protobuf-java-3.12.2.jar;C:\Users\testinium\.m2\repository\com\google\guava\guava\29.0-jre\guava-29.0-jre.jar;C:\Users\testinium\.m2\repository\com\google\guava\failureaccess\1.0.1\failureaccess-1.0.1.jar;C:\Users\testinium\.m2\repository\com\google\guava\listenablefuture\9999.0-empty-to-avoid-conflict-with-guava\listenablefuture-9999.0-empty-to-avoid-conflict-with-guava.jar;C:\Users\testinium\.m2\repository\com\google\code\findbugs\jsr305\3.0.2\jsr305-3.0.2.jar;C:\Users\testinium\.m2\repository\org\checkerframework\checker-qual\2.11.1\checker-qual-2.11.1.jar;C:\Users\testinium\.m2\repository\com\google\errorprone\error_prone_annotations\2.3.4\error_prone_annotations-2.3.4.jar;C:\Users\testinium\.m2\repository\com\google\j2objc\j2objc-annotations\1.3\j2objc-annotations-1.3.jar;C:\Users\testinium\.m2\repository\io\grpc\grpc-netty-shaded\1.30.2\grpc-netty-shaded-1.30.2.jar;C:\Users\testinium\.m2\repository\io\grpc\grpc-core\1.30.2\grpc-core-1.30.2.jar;C:\Users\testinium\.m2\repository\com\google\android\annotations\4.1.1.4\annotations-4.1.1.4.jar;C:\Users\testinium\.m2\repository\io\perfmark\perfmark-api\0.19.0\perfmark-api-0.19.0.jar;C:\Users\testinium\.m2\repository\io\grpc\grpc-protobuf\1.30.2\grpc-protobuf-1.30.2.jar;C:\Users\testinium\.m2\repository\io\grpc\grpc-api\1.30.2\grpc-api-1.30.2.jar;C:\Users\testinium\.m2\repository\io\grpc\grpc-context\1.30.2\grpc-context-1.30.2.jar;C:\Users\testinium\.m2\repository\com\google\api\grpc\proto-google-common-protos\1.17.0\proto-google-common-protos-1.17.0.jar;C:\Users\testinium\.m2\repository\io\grpc\grpc-protobuf-lite\1.30.2\grpc-protobuf-lite-1.30.2.jar;C:\Users\testinium\.m2\repository\org\codehaus\mojo\animal-sniffer-annotations\1.18\animal-sniffer-annotations-1.18.jar;C:\Users\testinium\.m2\repository\io\grpc\grpc-stub\1.30.2\grpc-stub-1.30.2.jar;C:\Users\testinium\.m2\repository\javax\annotation\javax.annotation-api\1.3.2\javax.annotation-api-1.3.2.jar;C:\Users\testinium\.m2\repository\org\assertj\assertj-core\3.10.0\assertj-core-3.10.0.jar;C:\Users\testinium\.m2\repository\org\seleniumhq\selenium\selenium-java\3.141.59\selenium-java-3.141.59.jar;C:\Users\testinium\.m2\repository\org\seleniumhq\selenium\selenium-api\3.141.59\selenium-api-3.141.59.jar;C:\Users\testinium\.m2\repository\org\seleniumhq\selenium\selenium-chrome-driver\3.141.59\selenium-chrome-driver-3.141.59.jar;C:\Users\testinium\.m2\repository\org\seleniumhq\selenium\selenium-edge-driver\3.141.59\selenium-edge-driver-3.141.59.jar;C:\Users\testinium\.m2\repository\org\seleniumhq\selenium\selenium-firefox-driver\3.141.59\selenium-firefox-driver-3.141.59.jar;C:\Users\testinium\.m2\repository\org\seleniumhq\selenium\selenium-ie-driver\3.141.59\selenium-ie-driver-3.141.59.jar;C:\Users\testinium\.m2\repository\org\seleniumhq\selenium\selenium-opera-driver\3.141.59\selenium-opera-driver-3.141.59.jar;C:\Users\testinium\.m2\repository\org\seleniumhq\selenium\selenium-remote-driver\3.141.59\selenium-remote-driver-3.141.59.jar;C:\Users\testinium\.m2\repository\org\seleniumhq\selenium\selenium-safari-driver\3.141.59\selenium-safari-driver-3.141.59.jar;C:\Users\testinium\.m2\repository\org\seleniumhq\selenium\selenium-support\3.141.59\selenium-support-3.141.59.jar;C:\Users\testinium\.m2\repository\net\bytebuddy\byte-buddy\1.8.15\byte-buddy-1.8.15.jar;C:\Users\testinium\.m2\repository\org\apache\commons\commons-exec\1.3\commons-exec-1.3.jar;C:\Users\testinium\.m2\repository\com\squareup\okhttp3\okhttp\3.11.0\okhttp-3.11.0.jar;C:\Users\testinium\.m2\repository\com\squareup\okio\okio\1.14.0\okio-1.14.0.jar;C:\Users\testinium\.m2\repository\io\appium\java-client\7.3.0\java-client-7.3.0.jar;C:\Users\testinium\.m2\repository\com\google\code\gson\gson\2.8.5\gson-2.8.5.jar;C:\Users\testinium\.m2\repository\org\apache\httpcomponents\httpclient\4.5.9\httpclient-4.5.9.jar;C:\Users\testinium\.m2\repository\org\apache\httpcomponents\httpcore\4.4.11\httpcore-4.4.11.jar;C:\Users\testinium\.m2\repository\commons-logging\commons-logging\1.2\commons-logging-1.2.jar;C:\Users\testinium\.m2\repository\commons-codec\commons-codec\1.11\commons-codec-1.11.jar;C:\Users\testinium\.m2\repository\cglib\cglib\3.2.12\cglib-3.2.12.jar;C:\Users\testinium\.m2\repository\org\ow2\asm\asm\7.1\asm-7.1.jar;C:\Users\testinium\.m2\repository\commons-validator\commons-validator\1.6\commons-validator-1.6.jar;C:\Users\testinium\.m2\repository\commons-beanutils\commons-beanutils\1.9.2\commons-beanutils-1.9.2.jar;C:\Users\testinium\.m2\repository\commons-digester\commons-digester\1.8.1\commons-digester-1.8.1.jar;C:\Users\testinium\.m2\repository\commons-collections\commons-collections\3.2.2\commons-collections-3.2.2.jar;C:\Users\testinium\.m2\repository\org\apache\commons\commons-lang3\3.9\commons-lang3-3.9.jar;C:\Users\testinium\.m2\repository\org\springframework\spring-context\5.1.8.RELEASE\spring-context-5.1.8.RELEASE.jar;C:\Users\testinium\.m2\repository\org\springframework\spring-aop\5.1.8.RELEASE\spring-aop-5.1.8.RELEASE.jar;C:\Users\testinium\.m2\repository\org\springframework\spring-beans\5.1.8.RELEASE\spring-beans-5.1.8.RELEASE.jar;C:\Users\testinium\.m2\repository\org\springframework\spring-core\5.1.8.RELEASE\spring-core-5.1.8.RELEASE.jar;C:\Users\testinium\.m2\repository\org\springframework\spring-jcl\5.1.8.RELEASE\spring-jcl-5.1.8.RELEASE.jar;C:\Users\testinium\.m2\repository\org\springframework\spring-expression\5.1.8.RELEASE\spring-expression-5.1.8.RELEASE.jar;C:\Users\testinium\.m2\repository\org\aspectj\aspectjweaver\1.9.4\aspectjweaver-1.9.4.jar;C:\Users\testinium\.m2\repository\org\slf4j\slf4j-api\1.7.26\slf4j-api-1.7.26.jar;C:\Users\testinium\.m2\repository\io\github\bonigarcia\webdrivermanager\2.2.2\webdrivermanager-2.2.2.jar;C:\Users\testinium\.m2\repository\org\rauschig\jarchivelib\0.7.1\jarchivelib-0.7.1.jar;C:\Users\testinium\.m2\repository\org\apache\commons\commons-compress\1.9\commons-compress-1.9.jar;C:\Users\testinium\.m2\repository\org\jsoup\jsoup\1.11.3\jsoup-1.11.3.jar;C:\Users\testinium\.m2\repository\org\reflections\reflections\0.9.10\reflections-0.9.10.jar;C:\Users\testinium\.m2\repository\org\javassist\javassist\3.19.0-GA\javassist-3.19.0-GA.jar;C:\Users\testinium\.m2\repository\com\google\code\findbugs\annotations\2.0.1\annotations-2.0.1.jar
17-08-2020 17:33:49.944 [java] [DEBUG] found java executable in C:\Program Files\Java\jdk1.8.0_261\jre\bin\java.exe
17-08-2020 17:33:49.944 [java] [DEBUG] running - C:\Program Files\Java\jdk1.8.0_261\jre\bin\java.exe [-Dfile.encoding=UTF-8 com.thoughtworks.gauge.GaugeRuntime --start]
17-08-2020 17:33:49.944 [java] [DEBUG] stdout/stderr is logged to logs\2168-java.exe.out
17-08-2020 17:33:50.123 [java] [DEBUG] multithreading is set to false
17-08-2020 17:33:50.387 [java] [DEBUG] Using reflection to scan dependencies for gauge implementations...
17-08-2020 17:33:50.533 [java] [ERROR] SLF4J: Failed to load class "org.slf4j.impl.StaticLoggerBinder".
17-08-2020 17:33:50.533 [java] [ERROR] SLF4J: Defaulting to no-operation (NOP) logger implementation
17-08-2020 17:33:50.533 [java] [ERROR] SLF4J: See http://www.slf4j.org/codes.html#StaticLoggerBinder for further details.
17-08-2020 17:33:50.965 [java] [DEBUG] gauge-java took 842milliseconds to load and scan. This should be less than 'runner_connection_timeout' config value.
17-08-2020 17:33:50.965 [java] [DEBUG] run 'gauge config runner_connection_timeout' and verify that it is < 842
17-08-2020 17:33:50.972 [java] [DEBUG] starting gRPC server...
17-08-2020 17:33:51.534 [java] [DEBUG] started gRPC server on port 53589
17-08-2020 17:33:51.534 [Gauge] [DEBUG] Attempting to connect to grpc server at port: 53589
17-08-2020 17:33:51.756 [Gauge] [DEBUG] Successfully made the connection with runner with port: 53589
17-08-2020 17:33:51.756 [Gauge] [DEBUG] Validation started.
17-08-2020 17:33:54.332 [java] [DEBUG] Scanning packages for steps
17-08-2020 17:33:54.367 [java] [DEBUG] Comparing 'com.testinium.StepImplementation.start' and 'com.testinium.StepImplementation.start'
17-08-2020 17:33:54.367 [java] [DEBUG] Found start in current project scope.
17-08-2020 17:33:54.367 [java] [DEBUG] Scanning packages for hooks
17-08-2020 17:33:54.375 [java] [DEBUG] Scanned steps (using static parsing + reflections): 
17-08-2020 17:33:54.375 [java] [DEBUG] 	start : public void start()
17-08-2020 17:33:56.717 [Gauge] [DEBUG] Validation completed.
17-08-2020 17:33:56.720 [Gauge] [DEBUG] Run started
17-08-2020 17:33:56.722 [Gauge] [DEBUG] Starting Html Report plugin
17-08-2020 17:33:56.749 [Gauge] [DEBUG] Attempting to connect to grpc server at port: 53594
17-08-2020 17:33:56.751 [Gauge] [DEBUG] Successfully made the connection with plugin with port: 53594
17-08-2020 17:33:56.752 [Gauge] [DEBUG] Initialising suite data store.
17-08-2020 17:34:12.130 [java] [ERROR] Aug 17, 2020 5:34:12 PM io.appium.java_client.remote.AppiumCommandExecutor$1 lambda$0
17-08-2020 17:34:12.130 [java] [ERROR] INFO: Detected dialect: W3C
17-08-2020 17:34:12.382 [java] [DEBUG] Executing 'start' using 'class com.testinium.StepImplementation.start
17-08-2020 17:34:33.389 [html-report] [DEBUG] Transformed SuiteResult to report structure
17-08-2020 17:34:33.437 [html-report] [INFO] Successfully generated html-report to => C:\Users\testinium\Desktop\THYMobilTest\reports\html-report\index.html
17-08-2020 17:34:33.437 [html-report] [DEBUG] Done generating HTML report using theme from C:\Users\testinium\AppData\Roaming\gauge\plugins\html-report\4.0.12\themes\default
17-08-2020 17:34:33.437 [Gauge] [DEBUG] Sending kill message to Html Report plugin.
17-08-2020 17:34:34.552 [Gauge] [DEBUG] Runner with PID:2168 has exited
17-08-2020 17:34:34.552 [Gauge] [INFO] Specifications:	1 executed	0 passed	1 failed	0 skipped
17-08-2020 17:34:34.552 [Gauge] [INFO] Scenarios:	1 executed	0 passed	1 failed	0 skipped
17-08-2020 17:34:34.552 [Gauge] [INFO] 
Total time taken: 36.663s
17-08-2020 17:35:02.963 [Gauge] [DEBUG] Created gauge_screenshots_dir at C:\Users\testinium\Desktop\THYMobilTest\.gauge\screenshots
17-08-2020 17:35:02.965 [Gauge] [DEBUG] Plugin java is already installed.
17-08-2020 17:35:02.966 [Gauge] [DEBUG] Plugin html-report is already installed.
17-08-2020 17:35:02.967 [Gauge] [DEBUG] Parsing started.
17-08-2020 17:35:02.967 [Gauge] [DEBUG] Started concepts parsing.
17-08-2020 17:35:02.969 [Gauge] [DEBUG] 0 concepts parsing completed.
17-08-2020 17:35:02.969 [Gauge] [DEBUG] Started specifications parsing.
17-08-2020 17:35:02.969 [Gauge] [DEBUG] 1 specifications parsing completed.
17-08-2020 17:35:02.969 [Gauge] [DEBUG] Parsing completed.
17-08-2020 17:35:02.993 [java] [DEBUG] ***** Printing Properties/Env Values *****
17-08-2020 17:35:02.993 [java] [DEBUG] PATH: C:\Program Files (x86)\Common Files\Oracle\Java\javapath;C:\Windows\system32;C:\Windows;C:\Windows\System32\Wbem;C:\Windows\System32\WindowsPowerShell\v1.0\;C:\Windows\System32\OpenSSH\;C:\Program Files (x86)\Intel\Intel(R) Management Engine Components\DAL;C:\Program Files\Intel\Intel(R) Management Engine Components\DAL;C:\ProgramData\chocolatey\bin;C:\Program Files\Gauge\bin;C:\Program Files\Git\cmd;C:\Program Files\apache-maven-3.6.3\bin;C:\Users\testinium\AppData\Local\Android\Sdk\platform-tools;C:\Users\testinium\AppData\Local\Android\Sdk\tools;C:\Users\testinium\AppData\Local\Android\Sdk\tools\bin;C:\Program Files\Java\jdk1.8.0_261\bin;C:\Users\testinium\AppData\Local\Microsoft\WindowsApps;C:\Program Files\JetBrains\IntelliJ IDEA Community Edition 2020.1.4\bin;C:\Users\testinium\AppData\Local\GitHubDesktop\bin;C:\Users\testinium\AppData\Local\Programs\Microsoft VS Code\bin;C:\Program Files\JetBrains\IntelliJ IDEA Community Edition 2020.2\bin;;C:\Users\testinium\AppData\Roaming\gauge\plugins\screenshot\0.0.1
17-08-2020 17:35:02.993 [java] [DEBUG] JAVA_HOME: C:\Program Files\Java\jdk1.8.0_261
17-08-2020 17:35:02.993 [java] [DEBUG] gauge_project_root: C:\Users\testinium\Desktop\THYMobilTest
17-08-2020 17:35:02.993 [java] [DEBUG] gauge_parallel_streams_count: 8
17-08-2020 17:35:02.993 [java] [DEBUG] gauge_reports_dir: reports
17-08-2020 17:35:02.993 [java] [DEBUG] overwrite_reports: true
17-08-2020 17:35:02.993 [java] [DEBUG] logs_directory: logs
17-08-2020 17:35:02.993 [java] [DEBUG] enable_multithreading: false
17-08-2020 17:35:02.993 [java] [DEBUG] gauge_specs_dir: specs
17-08-2020 17:35:02.993 [java] [DEBUG] csv_delimiter: ,
17-08-2020 17:35:02.993 [java] [DEBUG] gauge_java_home: 
17-08-2020 17:35:02.993 [java] [DEBUG] gauge_custom_build_path: 
17-08-2020 17:35:02.993 [java] [DEBUG] gauge_additional_libs: libs/*
17-08-2020 17:35:02.993 [java] [DEBUG] gauge_jvm_args: 
17-08-2020 17:35:02.993 [java] [DEBUG] gauge_custom_compile_dir: 
17-08-2020 17:35:02.993 [java] [DEBUG] gauge_clear_state_level: scenario
17-08-2020 17:35:02.993 [java] [DEBUG] ***** END *****
17-08-2020 17:35:03.298 [Gauge] [DEBUG] Checking updates...
17-08-2020 17:35:03.302 [Gauge] [DEBUG] Downloading https://downloads.gauge.org/plugin/html-report?l=java&p=html-report,java,json-report,screenshot,spectacle,xml-report&o=windows&a=amd64
17-08-2020 17:35:03.778 [Gauge] [DEBUG] Downloading https://downloads.gauge.org/plugin/java?l=java&p=html-report,java,json-report,screenshot,spectacle,xml-report&o=windows&a=amd64
17-08-2020 17:35:03.963 [Gauge] [DEBUG] Downloading https://downloads.gauge.org/plugin/json-report?l=java&p=html-report,java,json-report,screenshot,spectacle,xml-report&o=windows&a=amd64
17-08-2020 17:35:04.149 [Gauge] [DEBUG] Downloading https://downloads.gauge.org/plugin/screenshot?l=java&p=html-report,java,json-report,screenshot,spectacle,xml-report&o=windows&a=amd64
17-08-2020 17:35:04.326 [Gauge] [DEBUG] Downloading https://downloads.gauge.org/plugin/spectacle?l=java&p=html-report,java,json-report,screenshot,spectacle,xml-report&o=windows&a=amd64
17-08-2020 17:35:04.499 [Gauge] [DEBUG] Downloading https://downloads.gauge.org/plugin/xml-report?l=java&p=html-report,java,json-report,screenshot,spectacle,xml-report&o=windows&a=amd64
17-08-2020 17:35:08.064 [java] [DEBUG] classpath set to C:\Program Files\Java\jdk1.8.0_261\jre\lib\charsets.jar;C:\Program Files\Java\jdk1.8.0_261\jre\lib\deploy.jar;C:\Program Files\Java\jdk1.8.0_261\jre\lib\ext\access-bridge-64.jar;C:\Program Files\Java\jdk1.8.0_261\jre\lib\ext\cldrdata.jar;C:\Program Files\Java\jdk1.8.0_261\jre\lib\ext\dnsns.jar;C:\Program Files\Java\jdk1.8.0_261\jre\lib\ext\jaccess.jar;C:\Program Files\Java\jdk1.8.0_261\jre\lib\ext\jfxrt.jar;C:\Program Files\Java\jdk1.8.0_261\jre\lib\ext\localedata.jar;C:\Program Files\Java\jdk1.8.0_261\jre\lib\ext\nashorn.jar;C:\Program Files\Java\jdk1.8.0_261\jre\lib\ext\sunec.jar;C:\Program Files\Java\jdk1.8.0_261\jre\lib\ext\sunjce_provider.jar;C:\Program Files\Java\jdk1.8.0_261\jre\lib\ext\sunmscapi.jar;C:\Program Files\Java\jdk1.8.0_261\jre\lib\ext\sunpkcs11.jar;C:\Program Files\Java\jdk1.8.0_261\jre\lib\ext\zipfs.jar;C:\Program Files\Java\jdk1.8.0_261\jre\lib\javaws.jar;C:\Program Files\Java\jdk1.8.0_261\jre\lib\jce.jar;C:\Program Files\Java\jdk1.8.0_261\jre\lib\jfr.jar;C:\Program Files\Java\jdk1.8.0_261\jre\lib\jfxswt.jar;C:\Program Files\Java\jdk1.8.0_261\jre\lib\jsse.jar;C:\Program Files\Java\jdk1.8.0_261\jre\lib\management-agent.jar;C:\Program Files\Java\jdk1.8.0_261\jre\lib\plugin.jar;C:\Program Files\Java\jdk1.8.0_261\jre\lib\resources.jar;C:\Program Files\Java\jdk1.8.0_261\jre\lib\rt.jar;C:\Users\testinium\Desktop\THYMobilTest\target\test-classes;C:\Users\testinium\.m2\repository\com\thoughtworks\gauge\gauge-java\0.7.9\gauge-java-0.7.9.jar;C:\Users\testinium\.m2\repository\com\github\javaparser\javaparser-core\3.16.1\javaparser-core-3.16.1.jar;C:\Users\testinium\.m2\repository\commons-io\commons-io\2.7\commons-io-2.7.jar;C:\Users\testinium\.m2\repository\commons-lang\commons-lang\2.6\commons-lang-2.6.jar;C:\Users\testinium\.m2\repository\org\json\json\20200518\json-20200518.jar;C:\Users\testinium\.m2\repository\com\google\protobuf\protobuf-java\3.12.2\protobuf-java-3.12.2.jar;C:\Users\testinium\.m2\repository\com\google\guava\guava\29.0-jre\guava-29.0-jre.jar;C:\Users\testinium\.m2\repository\com\google\guava\failureaccess\1.0.1\failureaccess-1.0.1.jar;C:\Users\testinium\.m2\repository\com\google\guava\listenablefuture\9999.0-empty-to-avoid-conflict-with-guava\listenablefuture-9999.0-empty-to-avoid-conflict-with-guava.jar;C:\Users\testinium\.m2\repository\com\google\code\findbugs\jsr305\3.0.2\jsr305-3.0.2.jar;C:\Users\testinium\.m2\repository\org\checkerframework\checker-qual\2.11.1\checker-qual-2.11.1.jar;C:\Users\testinium\.m2\repository\com\google\errorprone\error_prone_annotations\2.3.4\error_prone_annotations-2.3.4.jar;C:\Users\testinium\.m2\repository\com\google\j2objc\j2objc-annotations\1.3\j2objc-annotations-1.3.jar;C:\Users\testinium\.m2\repository\io\grpc\grpc-netty-shaded\1.30.2\grpc-netty-shaded-1.30.2.jar;C:\Users\testinium\.m2\repository\io\grpc\grpc-core\1.30.2\grpc-core-1.30.2.jar;C:\Users\testinium\.m2\repository\com\google\android\annotations\4.1.1.4\annotations-4.1.1.4.jar;C:\Users\testinium\.m2\repository\io\perfmark\perfmark-api\0.19.0\perfmark-api-0.19.0.jar;C:\Users\testinium\.m2\repository\io\grpc\grpc-protobuf\1.30.2\grpc-protobuf-1.30.2.jar;C:\Users\testinium\.m2\repository\io\grpc\grpc-api\1.30.2\grpc-api-1.30.2.jar;C:\Users\testinium\.m2\repository\io\grpc\grpc-context\1.30.2\grpc-context-1.30.2.jar;C:\Users\testinium\.m2\repository\com\google\api\grpc\proto-google-common-protos\1.17.0\proto-google-common-protos-1.17.0.jar;C:\Users\testinium\.m2\repository\io\grpc\grpc-protobuf-lite\1.30.2\grpc-protobuf-lite-1.30.2.jar;C:\Users\testinium\.m2\repository\org\codehaus\mojo\animal-sniffer-annotations\1.18\animal-sniffer-annotations-1.18.jar;C:\Users\testinium\.m2\repository\io\grpc\grpc-stub\1.30.2\grpc-stub-1.30.2.jar;C:\Users\testinium\.m2\repository\javax\annotation\javax.annotation-api\1.3.2\javax.annotation-api-1.3.2.jar;C:\Users\testinium\.m2\repository\org\assertj\assertj-core\3.10.0\assertj-core-3.10.0.jar;C:\Users\testinium\.m2\repository\org\seleniumhq\selenium\selenium-java\3.141.59\selenium-java-3.141.59.jar;C:\Users\testinium\.m2\repository\org\seleniumhq\selenium\selenium-api\3.141.59\selenium-api-3.141.59.jar;C:\Users\testinium\.m2\repository\org\seleniumhq\selenium\selenium-chrome-driver\3.141.59\selenium-chrome-driver-3.141.59.jar;C:\Users\testinium\.m2\repository\org\seleniumhq\selenium\selenium-edge-driver\3.141.59\selenium-edge-driver-3.141.59.jar;C:\Users\testinium\.m2\repository\org\seleniumhq\selenium\selenium-firefox-driver\3.141.59\selenium-firefox-driver-3.141.59.jar;C:\Users\testinium\.m2\repository\org\seleniumhq\selenium\selenium-ie-driver\3.141.59\selenium-ie-driver-3.141.59.jar;C:\Users\testinium\.m2\repository\org\seleniumhq\selenium\selenium-opera-driver\3.141.59\selenium-opera-driver-3.141.59.jar;C:\Users\testinium\.m2\repository\org\seleniumhq\selenium\selenium-remote-driver\3.141.59\selenium-remote-driver-3.141.59.jar;C:\Users\testinium\.m2\repository\org\seleniumhq\selenium\selenium-safari-driver\3.141.59\selenium-safari-driver-3.141.59.jar;C:\Users\testinium\.m2\repository\org\seleniumhq\selenium\selenium-support\3.141.59\selenium-support-3.141.59.jar;C:\Users\testinium\.m2\repository\net\bytebuddy\byte-buddy\1.8.15\byte-buddy-1.8.15.jar;C:\Users\testinium\.m2\repository\org\apache\commons\commons-exec\1.3\commons-exec-1.3.jar;C:\Users\testinium\.m2\repository\com\squareup\okhttp3\okhttp\3.11.0\okhttp-3.11.0.jar;C:\Users\testinium\.m2\repository\com\squareup\okio\okio\1.14.0\okio-1.14.0.jar;C:\Users\testinium\.m2\repository\io\appium\java-client\7.3.0\java-client-7.3.0.jar;C:\Users\testinium\.m2\repository\com\google\code\gson\gson\2.8.5\gson-2.8.5.jar;C:\Users\testinium\.m2\repository\org\apache\httpcomponents\httpclient\4.5.9\httpclient-4.5.9.jar;C:\Users\testinium\.m2\repository\org\apache\httpcomponents\httpcore\4.4.11\httpcore-4.4.11.jar;C:\Users\testinium\.m2\repository\commons-logging\commons-logging\1.2\commons-logging-1.2.jar;C:\Users\testinium\.m2\repository\commons-codec\commons-codec\1.11\commons-codec-1.11.jar;C:\Users\testinium\.m2\repository\cglib\cglib\3.2.12\cglib-3.2.12.jar;C:\Users\testinium\.m2\repository\org\ow2\asm\asm\7.1\asm-7.1.jar;C:\Users\testinium\.m2\repository\commons-validator\commons-validator\1.6\commons-validator-1.6.jar;C:\Users\testinium\.m2\repository\commons-beanutils\commons-beanutils\1.9.2\commons-beanutils-1.9.2.jar;C:\Users\testinium\.m2\repository\commons-digester\commons-digester\1.8.1\commons-digester-1.8.1.jar;C:\Users\testinium\.m2\repository\commons-collections\commons-collections\3.2.2\commons-collections-3.2.2.jar;C:\Users\testinium\.m2\repository\org\apache\commons\commons-lang3\3.9\commons-lang3-3.9.jar;C:\Users\testinium\.m2\repository\org\springframework\spring-context\5.1.8.RELEASE\spring-context-5.1.8.RELEASE.jar;C:\Users\testinium\.m2\repository\org\springframework\spring-aop\5.1.8.RELEASE\spring-aop-5.1.8.RELEASE.jar;C:\Users\testinium\.m2\repository\org\springframework\spring-beans\5.1.8.RELEASE\spring-beans-5.1.8.RELEASE.jar;C:\Users\testinium\.m2\repository\org\springframework\spring-core\5.1.8.RELEASE\spring-core-5.1.8.RELEASE.jar;C:\Users\testinium\.m2\repository\org\springframework\spring-jcl\5.1.8.RELEASE\spring-jcl-5.1.8.RELEASE.jar;C:\Users\testinium\.m2\repository\org\springframework\spring-expression\5.1.8.RELEASE\spring-expression-5.1.8.RELEASE.jar;C:\Users\testinium\.m2\repository\org\aspectj\aspectjweaver\1.9.4\aspectjweaver-1.9.4.jar;C:\Users\testinium\.m2\repository\org\slf4j\slf4j-api\1.7.26\slf4j-api-1.7.26.jar;C:\Users\testinium\.m2\repository\io\github\bonigarcia\webdrivermanager\2.2.2\webdrivermanager-2.2.2.jar;C:\Users\testinium\.m2\repository\org\rauschig\jarchivelib\0.7.1\jarchivelib-0.7.1.jar;C:\Users\testinium\.m2\repository\org\apache\commons\commons-compress\1.9\commons-compress-1.9.jar;C:\Users\testinium\.m2\repository\org\jsoup\jsoup\1.11.3\jsoup-1.11.3.jar;C:\Users\testinium\.m2\repository\org\reflections\reflections\0.9.10\reflections-0.9.10.jar;C:\Users\testinium\.m2\repository\org\javassist\javassist\3.19.0-GA\javassist-3.19.0-GA.jar;C:\Users\testinium\.m2\repository\com\google\code\findbugs\annotations\2.0.1\annotations-2.0.1.jar
17-08-2020 17:35:08.106 [java] [DEBUG] found java executable in C:\Program Files\Java\jdk1.8.0_261\jre\bin\java.exe
17-08-2020 17:35:08.106 [java] [DEBUG] running - C:\Program Files\Java\jdk1.8.0_261\jre\bin\java.exe [-Dfile.encoding=UTF-8 com.thoughtworks.gauge.GaugeRuntime --start]
17-08-2020 17:35:08.106 [java] [DEBUG] stdout/stderr is logged to logs\14764-java.exe.out
17-08-2020 17:35:08.333 [java] [DEBUG] multithreading is set to false
17-08-2020 17:35:08.686 [java] [DEBUG] Using reflection to scan dependencies for gauge implementations...
17-08-2020 17:35:08.847 [java] [ERROR] SLF4J: Failed to load class "org.slf4j.impl.StaticLoggerBinder".
17-08-2020 17:35:08.847 [java] [ERROR] SLF4J: Defaulting to no-operation (NOP) logger implementation
17-08-2020 17:35:08.847 [java] [ERROR] SLF4J: See http://www.slf4j.org/codes.html#StaticLoggerBinder for further details.
17-08-2020 17:35:09.469 [java] [DEBUG] gauge-java took 1136milliseconds to load and scan. This should be less than 'runner_connection_timeout' config value.
17-08-2020 17:35:09.469 [java] [DEBUG] run 'gauge config runner_connection_timeout' and verify that it is < 1136
17-08-2020 17:35:09.469 [java] [DEBUG] starting gRPC server...
17-08-2020 17:35:10.139 [java] [DEBUG] started gRPC server on port 53739
17-08-2020 17:35:10.139 [Gauge] [DEBUG] Attempting to connect to grpc server at port: 53739
17-08-2020 17:35:10.369 [Gauge] [DEBUG] Successfully made the connection with runner with port: 53739
17-08-2020 17:35:10.369 [Gauge] [DEBUG] Validation started.
17-08-2020 17:35:13.590 [java] [DEBUG] Scanning packages for steps
17-08-2020 17:35:13.630 [java] [DEBUG] Comparing 'com.testinium.StepImplementation.start' and 'com.testinium.StepImplementation.start'
17-08-2020 17:35:13.631 [java] [DEBUG] Found start in current project scope.
17-08-2020 17:35:13.631 [java] [DEBUG] Scanning packages for hooks
17-08-2020 17:35:13.639 [java] [DEBUG] Scanned steps (using static parsing + reflections): 
17-08-2020 17:35:13.639 [java] [DEBUG] 	start : public void start()
17-08-2020 17:35:16.114 [Gauge] [DEBUG] Validation completed.
17-08-2020 17:35:16.118 [Gauge] [DEBUG] Run started
17-08-2020 17:35:16.122 [Gauge] [DEBUG] Starting Html Report plugin
17-08-2020 17:35:16.150 [Gauge] [DEBUG] Attempting to connect to grpc server at port: 53743
17-08-2020 17:35:16.150 [Gauge] [DEBUG] Successfully made the connection with plugin with port: 53743
17-08-2020 17:35:16.151 [Gauge] [DEBUG] Initialising suite data store.
17-08-2020 17:35:27.735 [java] [ERROR] Aug 17, 2020 5:35:27 PM io.appium.java_client.remote.AppiumCommandExecutor$1 lambda$0
17-08-2020 17:35:27.735 [java] [ERROR] INFO: Detected dialect: W3C
17-08-2020 17:35:27.984 [java] [DEBUG] Executing 'start' using 'class com.testinium.StepImplementation.start
17-08-2020 17:35:49.854 [html-report] [DEBUG] Transformed SuiteResult to report structure
17-08-2020 17:35:49.912 [html-report] [INFO] Successfully generated html-report to => C:\Users\testinium\Desktop\THYMobilTest\reports\html-report\index.html
17-08-2020 17:35:49.912 [html-report] [DEBUG] Done generating HTML report using theme from C:\Users\testinium\AppData\Roaming\gauge\plugins\html-report\4.0.12\themes\default
17-08-2020 17:35:49.912 [Gauge] [DEBUG] Sending kill message to Html Report plugin.
17-08-2020 17:35:50.736 [Gauge] [DEBUG] Runner with PID:14764 has exited
17-08-2020 17:35:50.736 [Gauge] [INFO] Specifications:	1 executed	0 passed	1 failed	0 skipped
17-08-2020 17:35:50.736 [Gauge] [INFO] Scenarios:	1 executed	0 passed	1 failed	0 skipped
17-08-2020 17:35:50.737 [Gauge] [INFO] 
Total time taken: 33.72s
17-08-2020 17:38:42.920 [Gauge] [DEBUG] Created gauge_screenshots_dir at C:\Users\testinium\Desktop\THYMobilTest\.gauge\screenshots
17-08-2020 17:38:42.923 [Gauge] [DEBUG] Plugin java is already installed.
17-08-2020 17:38:42.924 [Gauge] [DEBUG] Plugin html-report is already installed.
17-08-2020 17:38:42.926 [Gauge] [DEBUG] Parsing started.
17-08-2020 17:38:42.926 [Gauge] [DEBUG] Started concepts parsing.
17-08-2020 17:38:42.929 [Gauge] [DEBUG] 0 concepts parsing completed.
17-08-2020 17:38:42.930 [Gauge] [DEBUG] Started specifications parsing.
17-08-2020 17:38:42.930 [Gauge] [DEBUG] 1 specifications parsing completed.
17-08-2020 17:38:42.930 [Gauge] [DEBUG] Parsing completed.
17-08-2020 17:38:42.958 [java] [DEBUG] ***** Printing Properties/Env Values *****
17-08-2020 17:38:42.958 [java] [DEBUG] PATH: C:\Program Files (x86)\Common Files\Oracle\Java\javapath;C:\Windows\system32;C:\Windows;C:\Windows\System32\Wbem;C:\Windows\System32\WindowsPowerShell\v1.0\;C:\Windows\System32\OpenSSH\;C:\Program Files (x86)\Intel\Intel(R) Management Engine Components\DAL;C:\Program Files\Intel\Intel(R) Management Engine Components\DAL;C:\ProgramData\chocolatey\bin;C:\Program Files\Gauge\bin;C:\Program Files\Git\cmd;C:\Program Files\apache-maven-3.6.3\bin;C:\Users\testinium\AppData\Local\Android\Sdk\platform-tools;C:\Users\testinium\AppData\Local\Android\Sdk\tools;C:\Users\testinium\AppData\Local\Android\Sdk\tools\bin;C:\Program Files\Java\jdk1.8.0_261\bin;C:\Users\testinium\AppData\Local\Microsoft\WindowsApps;C:\Program Files\JetBrains\IntelliJ IDEA Community Edition 2020.1.4\bin;C:\Users\testinium\AppData\Local\GitHubDesktop\bin;C:\Users\testinium\AppData\Local\Programs\Microsoft VS Code\bin;C:\Program Files\JetBrains\IntelliJ IDEA Community Edition 2020.2\bin;;C:\Users\testinium\AppData\Roaming\gauge\plugins\screenshot\0.0.1
17-08-2020 17:38:42.958 [java] [DEBUG] JAVA_HOME: C:\Program Files\Java\jdk1.8.0_261
17-08-2020 17:38:42.958 [java] [DEBUG] gauge_project_root: C:\Users\testinium\Desktop\THYMobilTest
17-08-2020 17:38:42.958 [java] [DEBUG] gauge_parallel_streams_count: 8
17-08-2020 17:38:42.958 [java] [DEBUG] gauge_reports_dir: reports
17-08-2020 17:38:42.958 [java] [DEBUG] overwrite_reports: true
17-08-2020 17:38:42.958 [java] [DEBUG] logs_directory: logs
17-08-2020 17:38:42.958 [java] [DEBUG] enable_multithreading: false
17-08-2020 17:38:42.958 [java] [DEBUG] gauge_specs_dir: specs
17-08-2020 17:38:42.958 [java] [DEBUG] csv_delimiter: ,
17-08-2020 17:38:42.958 [java] [DEBUG] gauge_java_home: 
17-08-2020 17:38:42.958 [java] [DEBUG] gauge_custom_build_path: 
17-08-2020 17:38:42.958 [java] [DEBUG] gauge_additional_libs: libs/*
17-08-2020 17:38:42.958 [java] [DEBUG] gauge_jvm_args: 
17-08-2020 17:38:42.958 [java] [DEBUG] gauge_custom_compile_dir: 
17-08-2020 17:38:42.958 [java] [DEBUG] gauge_clear_state_level: scenario
17-08-2020 17:38:42.958 [java] [DEBUG] ***** END *****
17-08-2020 17:38:43.270 [Gauge] [DEBUG] Checking updates...
17-08-2020 17:38:43.274 [Gauge] [DEBUG] Downloading https://downloads.gauge.org/plugin/html-report?l=java&p=html-report,java,json-report,screenshot,spectacle,xml-report&o=windows&a=amd64
17-08-2020 17:38:43.825 [Gauge] [DEBUG] Downloading https://downloads.gauge.org/plugin/java?l=java&p=html-report,java,json-report,screenshot,spectacle,xml-report&o=windows&a=amd64
17-08-2020 17:38:44.195 [Gauge] [DEBUG] Downloading https://downloads.gauge.org/plugin/json-report?l=java&p=html-report,java,json-report,screenshot,spectacle,xml-report&o=windows&a=amd64
17-08-2020 17:38:44.335 [Gauge] [DEBUG] Downloading https://downloads.gauge.org/plugin/screenshot?l=java&p=html-report,java,json-report,screenshot,spectacle,xml-report&o=windows&a=amd64
17-08-2020 17:38:47.151 [java] [DEBUG] classpath set to C:\Program Files\Java\jdk1.8.0_261\jre\lib\charsets.jar;C:\Program Files\Java\jdk1.8.0_261\jre\lib\deploy.jar;C:\Program Files\Java\jdk1.8.0_261\jre\lib\ext\access-bridge-64.jar;C:\Program Files\Java\jdk1.8.0_261\jre\lib\ext\cldrdata.jar;C:\Program Files\Java\jdk1.8.0_261\jre\lib\ext\dnsns.jar;C:\Program Files\Java\jdk1.8.0_261\jre\lib\ext\jaccess.jar;C:\Program Files\Java\jdk1.8.0_261\jre\lib\ext\jfxrt.jar;C:\Program Files\Java\jdk1.8.0_261\jre\lib\ext\localedata.jar;C:\Program Files\Java\jdk1.8.0_261\jre\lib\ext\nashorn.jar;C:\Program Files\Java\jdk1.8.0_261\jre\lib\ext\sunec.jar;C:\Program Files\Java\jdk1.8.0_261\jre\lib\ext\sunjce_provider.jar;C:\Program Files\Java\jdk1.8.0_261\jre\lib\ext\sunmscapi.jar;C:\Program Files\Java\jdk1.8.0_261\jre\lib\ext\sunpkcs11.jar;C:\Program Files\Java\jdk1.8.0_261\jre\lib\ext\zipfs.jar;C:\Program Files\Java\jdk1.8.0_261\jre\lib\javaws.jar;C:\Program Files\Java\jdk1.8.0_261\jre\lib\jce.jar;C:\Program Files\Java\jdk1.8.0_261\jre\lib\jfr.jar;C:\Program Files\Java\jdk1.8.0_261\jre\lib\jfxswt.jar;C:\Program Files\Java\jdk1.8.0_261\jre\lib\jsse.jar;C:\Program Files\Java\jdk1.8.0_261\jre\lib\management-agent.jar;C:\Program Files\Java\jdk1.8.0_261\jre\lib\plugin.jar;C:\Program Files\Java\jdk1.8.0_261\jre\lib\resources.jar;C:\Program Files\Java\jdk1.8.0_261\jre\lib\rt.jar;C:\Users\testinium\Desktop\THYMobilTest\target\test-classes;C:\Users\testinium\.m2\repository\com\thoughtworks\gauge\gauge-java\0.7.9\gauge-java-0.7.9.jar;C:\Users\testinium\.m2\repository\com\github\javaparser\javaparser-core\3.16.1\javaparser-core-3.16.1.jar;C:\Users\testinium\.m2\repository\commons-io\commons-io\2.7\commons-io-2.7.jar;C:\Users\testinium\.m2\repository\commons-lang\commons-lang\2.6\commons-lang-2.6.jar;C:\Users\testinium\.m2\repository\org\json\json\20200518\json-20200518.jar;C:\Users\testinium\.m2\repository\com\google\protobuf\protobuf-java\3.12.2\protobuf-java-3.12.2.jar;C:\Users\testinium\.m2\repository\com\google\guava\guava\29.0-jre\guava-29.0-jre.jar;C:\Users\testinium\.m2\repository\com\google\guava\failureaccess\1.0.1\failureaccess-1.0.1.jar;C:\Users\testinium\.m2\repository\com\google\guava\listenablefuture\9999.0-empty-to-avoid-conflict-with-guava\listenablefuture-9999.0-empty-to-avoid-conflict-with-guava.jar;C:\Users\testinium\.m2\repository\com\google\code\findbugs\jsr305\3.0.2\jsr305-3.0.2.jar;C:\Users\testinium\.m2\repository\org\checkerframework\checker-qual\2.11.1\checker-qual-2.11.1.jar;C:\Users\testinium\.m2\repository\com\google\errorprone\error_prone_annotations\2.3.4\error_prone_annotations-2.3.4.jar;C:\Users\testinium\.m2\repository\com\google\j2objc\j2objc-annotations\1.3\j2objc-annotations-1.3.jar;C:\Users\testinium\.m2\repository\io\grpc\grpc-netty-shaded\1.30.2\grpc-netty-shaded-1.30.2.jar;C:\Users\testinium\.m2\repository\io\grpc\grpc-core\1.30.2\grpc-core-1.30.2.jar;C:\Users\testinium\.m2\repository\com\google\android\annotations\4.1.1.4\annotations-4.1.1.4.jar;C:\Users\testinium\.m2\repository\io\perfmark\perfmark-api\0.19.0\perfmark-api-0.19.0.jar;C:\Users\testinium\.m2\repository\io\grpc\grpc-protobuf\1.30.2\grpc-protobuf-1.30.2.jar;C:\Users\testinium\.m2\repository\io\grpc\grpc-api\1.30.2\grpc-api-1.30.2.jar;C:\Users\testinium\.m2\repository\io\grpc\grpc-context\1.30.2\grpc-context-1.30.2.jar;C:\Users\testinium\.m2\repository\com\google\api\grpc\proto-google-common-protos\1.17.0\proto-google-common-protos-1.17.0.jar;C:\Users\testinium\.m2\repository\io\grpc\grpc-protobuf-lite\1.30.2\grpc-protobuf-lite-1.30.2.jar;C:\Users\testinium\.m2\repository\org\codehaus\mojo\animal-sniffer-annotations\1.18\animal-sniffer-annotations-1.18.jar;C:\Users\testinium\.m2\repository\io\grpc\grpc-stub\1.30.2\grpc-stub-1.30.2.jar;C:\Users\testinium\.m2\repository\javax\annotation\javax.annotation-api\1.3.2\javax.annotation-api-1.3.2.jar;C:\Users\testinium\.m2\repository\org\assertj\assertj-core\3.10.0\assertj-core-3.10.0.jar;C:\Users\testinium\.m2\repository\org\seleniumhq\selenium\selenium-java\3.141.59\selenium-java-3.141.59.jar;C:\Users\testinium\.m2\repository\org\seleniumhq\selenium\selenium-api\3.141.59\selenium-api-3.141.59.jar;C:\Users\testinium\.m2\repository\org\seleniumhq\selenium\selenium-chrome-driver\3.141.59\selenium-chrome-driver-3.141.59.jar;C:\Users\testinium\.m2\repository\org\seleniumhq\selenium\selenium-edge-driver\3.141.59\selenium-edge-driver-3.141.59.jar;C:\Users\testinium\.m2\repository\org\seleniumhq\selenium\selenium-firefox-driver\3.141.59\selenium-firefox-driver-3.141.59.jar;C:\Users\testinium\.m2\repository\org\seleniumhq\selenium\selenium-ie-driver\3.141.59\selenium-ie-driver-3.141.59.jar;C:\Users\testinium\.m2\repository\org\seleniumhq\selenium\selenium-opera-driver\3.141.59\selenium-opera-driver-3.141.59.jar;C:\Users\testinium\.m2\repository\org\seleniumhq\selenium\selenium-remote-driver\3.141.59\selenium-remote-driver-3.141.59.jar;C:\Users\testinium\.m2\repository\org\seleniumhq\selenium\selenium-safari-driver\3.141.59\selenium-safari-driver-3.141.59.jar;C:\Users\testinium\.m2\repository\org\seleniumhq\selenium\selenium-support\3.141.59\selenium-support-3.141.59.jar;C:\Users\testinium\.m2\repository\net\bytebuddy\byte-buddy\1.8.15\byte-buddy-1.8.15.jar;C:\Users\testinium\.m2\repository\org\apache\commons\commons-exec\1.3\commons-exec-1.3.jar;C:\Users\testinium\.m2\repository\com\squareup\okhttp3\okhttp\3.11.0\okhttp-3.11.0.jar;C:\Users\testinium\.m2\repository\com\squareup\okio\okio\1.14.0\okio-1.14.0.jar;C:\Users\testinium\.m2\repository\io\appium\java-client\7.3.0\java-client-7.3.0.jar;C:\Users\testinium\.m2\repository\com\google\code\gson\gson\2.8.5\gson-2.8.5.jar;C:\Users\testinium\.m2\repository\org\apache\httpcomponents\httpclient\4.5.9\httpclient-4.5.9.jar;C:\Users\testinium\.m2\repository\org\apache\httpcomponents\httpcore\4.4.11\httpcore-4.4.11.jar;C:\Users\testinium\.m2\repository\commons-logging\commons-logging\1.2\commons-logging-1.2.jar;C:\Users\testinium\.m2\repository\commons-codec\commons-codec\1.11\commons-codec-1.11.jar;C:\Users\testinium\.m2\repository\cglib\cglib\3.2.12\cglib-3.2.12.jar;C:\Users\testinium\.m2\repository\org\ow2\asm\asm\7.1\asm-7.1.jar;C:\Users\testinium\.m2\repository\commons-validator\commons-validator\1.6\commons-validator-1.6.jar;C:\Users\testinium\.m2\repository\commons-beanutils\commons-beanutils\1.9.2\commons-beanutils-1.9.2.jar;C:\Users\testinium\.m2\repository\commons-digester\commons-digester\1.8.1\commons-digester-1.8.1.jar;C:\Users\testinium\.m2\repository\commons-collections\commons-collections\3.2.2\commons-collections-3.2.2.jar;C:\Users\testinium\.m2\repository\org\apache\commons\commons-lang3\3.9\commons-lang3-3.9.jar;C:\Users\testinium\.m2\repository\org\springframework\spring-context\5.1.8.RELEASE\spring-context-5.1.8.RELEASE.jar;C:\Users\testinium\.m2\repository\org\springframework\spring-aop\5.1.8.RELEASE\spring-aop-5.1.8.RELEASE.jar;C:\Users\testinium\.m2\repository\org\springframework\spring-beans\5.1.8.RELEASE\spring-beans-5.1.8.RELEASE.jar;C:\Users\testinium\.m2\repository\org\springframework\spring-core\5.1.8.RELEASE\spring-core-5.1.8.RELEASE.jar;C:\Users\testinium\.m2\repository\org\springframework\spring-jcl\5.1.8.RELEASE\spring-jcl-5.1.8.RELEASE.jar;C:\Users\testinium\.m2\repository\org\springframework\spring-expression\5.1.8.RELEASE\spring-expression-5.1.8.RELEASE.jar;C:\Users\testinium\.m2\repository\org\aspectj\aspectjweaver\1.9.4\aspectjweaver-1.9.4.jar;C:\Users\testinium\.m2\repository\org\slf4j\slf4j-api\1.7.26\slf4j-api-1.7.26.jar;C:\Users\testinium\.m2\repository\io\github\bonigarcia\webdrivermanager\2.2.2\webdrivermanager-2.2.2.jar;C:\Users\testinium\.m2\repository\org\rauschig\jarchivelib\0.7.1\jarchivelib-0.7.1.jar;C:\Users\testinium\.m2\repository\org\apache\commons\commons-compress\1.9\commons-compress-1.9.jar;C:\Users\testinium\.m2\repository\org\jsoup\jsoup\1.11.3\jsoup-1.11.3.jar;C:\Users\testinium\.m2\repository\org\reflections\reflections\0.9.10\reflections-0.9.10.jar;C:\Users\testinium\.m2\repository\org\javassist\javassist\3.19.0-GA\javassist-3.19.0-GA.jar;C:\Users\testinium\.m2\repository\com\google\code\findbugs\annotations\2.0.1\annotations-2.0.1.jar
17-08-2020 17:38:47.196 [java] [DEBUG] found java executable in C:\Program Files\Java\jdk1.8.0_261\jre\bin\java.exe
17-08-2020 17:38:47.196 [java] [DEBUG] running - C:\Program Files\Java\jdk1.8.0_261\jre\bin\java.exe [-Dfile.encoding=UTF-8 com.thoughtworks.gauge.GaugeRuntime --start]
17-08-2020 17:38:47.196 [java] [DEBUG] stdout/stderr is logged to logs\5284-java.exe.out
17-08-2020 17:38:47.433 [java] [DEBUG] multithreading is set to false
17-08-2020 17:38:47.746 [java] [DEBUG] Using reflection to scan dependencies for gauge implementations...
17-08-2020 17:38:47.945 [java] [ERROR] SLF4J: Failed to load class "org.slf4j.impl.StaticLoggerBinder".
17-08-2020 17:38:47.945 [java] [ERROR] SLF4J: Defaulting to no-operation (NOP) logger implementation
17-08-2020 17:38:47.945 [java] [ERROR] SLF4J: See http://www.slf4j.org/codes.html#StaticLoggerBinder for further details.
17-08-2020 17:38:48.449 [java] [DEBUG] gauge-java took 1016milliseconds to load and scan. This should be less than 'runner_connection_timeout' config value.
17-08-2020 17:38:48.449 [java] [DEBUG] run 'gauge config runner_connection_timeout' and verify that it is < 1016
17-08-2020 17:38:48.450 [java] [DEBUG] starting gRPC server...
17-08-2020 17:38:48.879 [java] [DEBUG] started gRPC server on port 54023
17-08-2020 17:38:48.879 [Gauge] [DEBUG] Attempting to connect to grpc server at port: 54023
17-08-2020 17:38:49.082 [Gauge] [DEBUG] Successfully made the connection with runner with port: 54023
17-08-2020 17:38:49.082 [Gauge] [DEBUG] Validation started.
17-08-2020 17:38:51.628 [java] [DEBUG] Scanning packages for steps
17-08-2020 17:38:51.674 [java] [DEBUG] Comparing 'com.testinium.StepImplementation.start' and 'com.testinium.StepImplementation.start'
17-08-2020 17:38:51.674 [java] [DEBUG] Found start in current project scope.
17-08-2020 17:38:51.674 [java] [DEBUG] Scanning packages for hooks
17-08-2020 17:38:51.683 [java] [DEBUG] Scanned steps (using static parsing + reflections): 
17-08-2020 17:38:51.683 [java] [DEBUG] 	start : public void start()
17-08-2020 17:38:52.249 [Gauge] [DEBUG] Downloading https://downloads.gauge.org/plugin/spectacle?l=java&p=html-report,java,json-report,screenshot,spectacle,xml-report&o=windows&a=amd64
17-08-2020 17:38:54.518 [Gauge] [DEBUG] Validation completed.
17-08-2020 17:38:54.522 [Gauge] [DEBUG] Run started
17-08-2020 17:38:54.523 [Gauge] [DEBUG] Starting Html Report plugin
17-08-2020 17:38:54.551 [Gauge] [DEBUG] Attempting to connect to grpc server at port: 54028
17-08-2020 17:38:54.552 [Gauge] [DEBUG] Successfully made the connection with plugin with port: 54028
17-08-2020 17:38:54.553 [Gauge] [DEBUG] Initialising suite data store.
17-08-2020 17:39:10.600 [java] [ERROR] Aug 17, 2020 5:39:10 PM io.appium.java_client.remote.AppiumCommandExecutor$1 lambda$0
17-08-2020 17:39:10.600 [java] [ERROR] INFO: Detected dialect: W3C
17-08-2020 17:39:10.845 [java] [DEBUG] Executing 'start' using 'class com.testinium.StepImplementation.start
17-08-2020 17:39:12.904 [html-report] [DEBUG] Transformed SuiteResult to report structure
17-08-2020 17:39:12.969 [html-report] [INFO] Successfully generated html-report to => C:\Users\testinium\Desktop\THYMobilTest\reports\html-report\index.html
17-08-2020 17:39:12.969 [html-report] [DEBUG] Done generating HTML report using theme from C:\Users\testinium\AppData\Roaming\gauge\plugins\html-report\4.0.12\themes\default
17-08-2020 17:39:12.969 [Gauge] [DEBUG] Sending kill message to Html Report plugin.
17-08-2020 17:39:13.590 [Gauge] [DEBUG] Runner with PID:5284 has exited
17-08-2020 17:39:13.590 [Gauge] [INFO] Specifications:	1 executed	1 passed	0 failed	0 skipped
17-08-2020 17:39:13.590 [Gauge] [INFO] Scenarios:	1 executed	1 passed	0 failed	0 skipped
17-08-2020 17:39:13.590 [Gauge] [INFO] 
Total time taken: 18.37s
17-08-2020 17:53:33.883 [Gauge] [DEBUG] Created gauge_screenshots_dir at C:\Users\testinium\Desktop\THYMobilTest\.gauge\screenshots
17-08-2020 17:53:33.892 [Gauge] [DEBUG] Plugin html-report is already installed.
17-08-2020 17:53:33.892 [Gauge] [DEBUG] Plugin java is already installed.
17-08-2020 17:53:33.895 [Gauge] [DEBUG] Parsing started.
17-08-2020 17:53:33.895 [Gauge] [DEBUG] Started concepts parsing.
17-08-2020 17:53:33.898 [Gauge] [DEBUG] 0 concepts parsing completed.
17-08-2020 17:53:33.899 [Gauge] [DEBUG] Started specifications parsing.
17-08-2020 17:53:33.906 [Gauge] [DEBUG] 1 specifications parsing completed.
17-08-2020 17:53:33.906 [Gauge] [DEBUG] Parsing completed.
17-08-2020 17:53:33.956 [java] [DEBUG] ***** Printing Properties/Env Values *****
17-08-2020 17:53:33.956 [java] [DEBUG] PATH: C:\Program Files (x86)\Common Files\Oracle\Java\javapath;C:\Windows\system32;C:\Windows;C:\Windows\System32\Wbem;C:\Windows\System32\WindowsPowerShell\v1.0\;C:\Windows\System32\OpenSSH\;C:\Program Files (x86)\Intel\Intel(R) Management Engine Components\DAL;C:\Program Files\Intel\Intel(R) Management Engine Components\DAL;C:\ProgramData\chocolatey\bin;C:\Program Files\Gauge\bin;C:\Program Files\Git\cmd;C:\Program Files\apache-maven-3.6.3\bin;C:\Users\testinium\AppData\Local\Android\Sdk\platform-tools;C:\Users\testinium\AppData\Local\Android\Sdk\tools;C:\Users\testinium\AppData\Local\Android\Sdk\tools\bin;C:\Program Files\Java\jdk1.8.0_261\bin;C:\Users\testinium\AppData\Local\Microsoft\WindowsApps;C:\Program Files\JetBrains\IntelliJ IDEA Community Edition 2020.1.4\bin;C:\Users\testinium\AppData\Local\GitHubDesktop\bin;C:\Users\testinium\AppData\Local\Programs\Microsoft VS Code\bin;C:\Program Files\JetBrains\IntelliJ IDEA Community Edition 2020.2\bin;;C:\Users\testinium\AppData\Roaming\gauge\plugins\screenshot\0.0.1
17-08-2020 17:53:33.956 [java] [DEBUG] JAVA_HOME: C:\Program Files\Java\jdk1.8.0_261
17-08-2020 17:53:33.956 [java] [DEBUG] gauge_project_root: C:\Users\testinium\Desktop\THYMobilTest
17-08-2020 17:53:33.956 [java] [DEBUG] gauge_parallel_streams_count: 8
17-08-2020 17:53:33.956 [java] [DEBUG] gauge_reports_dir: reports
17-08-2020 17:53:33.956 [java] [DEBUG] overwrite_reports: true
17-08-2020 17:53:33.956 [java] [DEBUG] logs_directory: logs
17-08-2020 17:53:33.956 [java] [DEBUG] enable_multithreading: false
17-08-2020 17:53:33.956 [java] [DEBUG] gauge_specs_dir: specs
17-08-2020 17:53:33.956 [java] [DEBUG] csv_delimiter: ,
17-08-2020 17:53:33.956 [java] [DEBUG] gauge_java_home: 
17-08-2020 17:53:33.956 [java] [DEBUG] gauge_custom_build_path: 
17-08-2020 17:53:33.956 [java] [DEBUG] gauge_additional_libs: libs/*
17-08-2020 17:53:33.956 [java] [DEBUG] gauge_jvm_args: 
17-08-2020 17:53:33.956 [java] [DEBUG] gauge_custom_compile_dir: 
17-08-2020 17:53:33.956 [java] [DEBUG] gauge_clear_state_level: scenario
17-08-2020 17:53:33.956 [java] [DEBUG] ***** END *****
17-08-2020 17:53:34.427 [Gauge] [DEBUG] Checking updates...
17-08-2020 17:53:34.429 [Gauge] [DEBUG] Downloading https://downloads.gauge.org/plugin/html-report?l=java&p=html-report,java,json-report,screenshot,spectacle,xml-report&o=windows&a=amd64
17-08-2020 17:53:35.181 [Gauge] [DEBUG] Downloading https://downloads.gauge.org/plugin/java?l=java&p=html-report,java,json-report,screenshot,spectacle,xml-report&o=windows&a=amd64
17-08-2020 17:53:35.358 [Gauge] [DEBUG] Downloading https://downloads.gauge.org/plugin/json-report?l=java&p=html-report,java,json-report,screenshot,spectacle,xml-report&o=windows&a=amd64
17-08-2020 17:53:35.642 [Gauge] [DEBUG] Downloading https://downloads.gauge.org/plugin/screenshot?l=java&p=html-report,java,json-report,screenshot,spectacle,xml-report&o=windows&a=amd64
17-08-2020 17:53:35.833 [Gauge] [DEBUG] Downloading https://downloads.gauge.org/plugin/spectacle?l=java&p=html-report,java,json-report,screenshot,spectacle,xml-report&o=windows&a=amd64
17-08-2020 17:53:36.005 [Gauge] [DEBUG] Downloading https://downloads.gauge.org/plugin/xml-report?l=java&p=html-report,java,json-report,screenshot,spectacle,xml-report&o=windows&a=amd64
17-08-2020 17:53:38.003 [java] [DEBUG] classpath set to C:\Program Files\Java\jdk1.8.0_261\jre\lib\charsets.jar;C:\Program Files\Java\jdk1.8.0_261\jre\lib\deploy.jar;C:\Program Files\Java\jdk1.8.0_261\jre\lib\ext\access-bridge-64.jar;C:\Program Files\Java\jdk1.8.0_261\jre\lib\ext\cldrdata.jar;C:\Program Files\Java\jdk1.8.0_261\jre\lib\ext\dnsns.jar;C:\Program Files\Java\jdk1.8.0_261\jre\lib\ext\jaccess.jar;C:\Program Files\Java\jdk1.8.0_261\jre\lib\ext\jfxrt.jar;C:\Program Files\Java\jdk1.8.0_261\jre\lib\ext\localedata.jar;C:\Program Files\Java\jdk1.8.0_261\jre\lib\ext\nashorn.jar;C:\Program Files\Java\jdk1.8.0_261\jre\lib\ext\sunec.jar;C:\Program Files\Java\jdk1.8.0_261\jre\lib\ext\sunjce_provider.jar;C:\Program Files\Java\jdk1.8.0_261\jre\lib\ext\sunmscapi.jar;C:\Program Files\Java\jdk1.8.0_261\jre\lib\ext\sunpkcs11.jar;C:\Program Files\Java\jdk1.8.0_261\jre\lib\ext\zipfs.jar;C:\Program Files\Java\jdk1.8.0_261\jre\lib\javaws.jar;C:\Program Files\Java\jdk1.8.0_261\jre\lib\jce.jar;C:\Program Files\Java\jdk1.8.0_261\jre\lib\jfr.jar;C:\Program Files\Java\jdk1.8.0_261\jre\lib\jfxswt.jar;C:\Program Files\Java\jdk1.8.0_261\jre\lib\jsse.jar;C:\Program Files\Java\jdk1.8.0_261\jre\lib\management-agent.jar;C:\Program Files\Java\jdk1.8.0_261\jre\lib\plugin.jar;C:\Program Files\Java\jdk1.8.0_261\jre\lib\resources.jar;C:\Program Files\Java\jdk1.8.0_261\jre\lib\rt.jar;C:\Users\testinium\Desktop\THYMobilTest\target\test-classes;C:\Users\testinium\.m2\repository\com\thoughtworks\gauge\gauge-java\0.7.9\gauge-java-0.7.9.jar;C:\Users\testinium\.m2\repository\com\github\javaparser\javaparser-core\3.16.1\javaparser-core-3.16.1.jar;C:\Users\testinium\.m2\repository\commons-io\commons-io\2.7\commons-io-2.7.jar;C:\Users\testinium\.m2\repository\commons-lang\commons-lang\2.6\commons-lang-2.6.jar;C:\Users\testinium\.m2\repository\org\json\json\20200518\json-20200518.jar;C:\Users\testinium\.m2\repository\com\google\protobuf\protobuf-java\3.12.2\protobuf-java-3.12.2.jar;C:\Users\testinium\.m2\repository\com\google\guava\guava\29.0-jre\guava-29.0-jre.jar;C:\Users\testinium\.m2\repository\com\google\guava\failureaccess\1.0.1\failureaccess-1.0.1.jar;C:\Users\testinium\.m2\repository\com\google\guava\listenablefuture\9999.0-empty-to-avoid-conflict-with-guava\listenablefuture-9999.0-empty-to-avoid-conflict-with-guava.jar;C:\Users\testinium\.m2\repository\com\google\code\findbugs\jsr305\3.0.2\jsr305-3.0.2.jar;C:\Users\testinium\.m2\repository\org\checkerframework\checker-qual\2.11.1\checker-qual-2.11.1.jar;C:\Users\testinium\.m2\repository\com\google\errorprone\error_prone_annotations\2.3.4\error_prone_annotations-2.3.4.jar;C:\Users\testinium\.m2\repository\com\google\j2objc\j2objc-annotations\1.3\j2objc-annotations-1.3.jar;C:\Users\testinium\.m2\repository\io\grpc\grpc-netty-shaded\1.30.2\grpc-netty-shaded-1.30.2.jar;C:\Users\testinium\.m2\repository\io\grpc\grpc-core\1.30.2\grpc-core-1.30.2.jar;C:\Users\testinium\.m2\repository\com\google\android\annotations\4.1.1.4\annotations-4.1.1.4.jar;C:\Users\testinium\.m2\repository\io\perfmark\perfmark-api\0.19.0\perfmark-api-0.19.0.jar;C:\Users\testinium\.m2\repository\io\grpc\grpc-protobuf\1.30.2\grpc-protobuf-1.30.2.jar;C:\Users\testinium\.m2\repository\io\grpc\grpc-api\1.30.2\grpc-api-1.30.2.jar;C:\Users\testinium\.m2\repository\io\grpc\grpc-context\1.30.2\grpc-context-1.30.2.jar;C:\Users\testinium\.m2\repository\com\google\api\grpc\proto-google-common-protos\1.17.0\proto-google-common-protos-1.17.0.jar;C:\Users\testinium\.m2\repository\io\grpc\grpc-protobuf-lite\1.30.2\grpc-protobuf-lite-1.30.2.jar;C:\Users\testinium\.m2\repository\org\codehaus\mojo\animal-sniffer-annotations\1.18\animal-sniffer-annotations-1.18.jar;C:\Users\testinium\.m2\repository\io\grpc\grpc-stub\1.30.2\grpc-stub-1.30.2.jar;C:\Users\testinium\.m2\repository\javax\annotation\javax.annotation-api\1.3.2\javax.annotation-api-1.3.2.jar;C:\Users\testinium\.m2\repository\org\assertj\assertj-core\3.10.0\assertj-core-3.10.0.jar;C:\Users\testinium\.m2\repository\org\seleniumhq\selenium\selenium-java\3.141.59\selenium-java-3.141.59.jar;C:\Users\testinium\.m2\repository\org\seleniumhq\selenium\selenium-api\3.141.59\selenium-api-3.141.59.jar;C:\Users\testinium\.m2\repository\org\seleniumhq\selenium\selenium-chrome-driver\3.141.59\selenium-chrome-driver-3.141.59.jar;C:\Users\testinium\.m2\repository\org\seleniumhq\selenium\selenium-edge-driver\3.141.59\selenium-edge-driver-3.141.59.jar;C:\Users\testinium\.m2\repository\org\seleniumhq\selenium\selenium-firefox-driver\3.141.59\selenium-firefox-driver-3.141.59.jar;C:\Users\testinium\.m2\repository\org\seleniumhq\selenium\selenium-ie-driver\3.141.59\selenium-ie-driver-3.141.59.jar;C:\Users\testinium\.m2\repository\org\seleniumhq\selenium\selenium-opera-driver\3.141.59\selenium-opera-driver-3.141.59.jar;C:\Users\testinium\.m2\repository\org\seleniumhq\selenium\selenium-remote-driver\3.141.59\selenium-remote-driver-3.141.59.jar;C:\Users\testinium\.m2\repository\org\seleniumhq\selenium\selenium-safari-driver\3.141.59\selenium-safari-driver-3.141.59.jar;C:\Users\testinium\.m2\repository\org\seleniumhq\selenium\selenium-support\3.141.59\selenium-support-3.141.59.jar;C:\Users\testinium\.m2\repository\net\bytebuddy\byte-buddy\1.8.15\byte-buddy-1.8.15.jar;C:\Users\testinium\.m2\repository\org\apache\commons\commons-exec\1.3\commons-exec-1.3.jar;C:\Users\testinium\.m2\repository\com\squareup\okhttp3\okhttp\3.11.0\okhttp-3.11.0.jar;C:\Users\testinium\.m2\repository\com\squareup\okio\okio\1.14.0\okio-1.14.0.jar;C:\Users\testinium\.m2\repository\io\appium\java-client\7.3.0\java-client-7.3.0.jar;C:\Users\testinium\.m2\repository\com\google\code\gson\gson\2.8.5\gson-2.8.5.jar;C:\Users\testinium\.m2\repository\org\apache\httpcomponents\httpclient\4.5.9\httpclient-4.5.9.jar;C:\Users\testinium\.m2\repository\org\apache\httpcomponents\httpcore\4.4.11\httpcore-4.4.11.jar;C:\Users\testinium\.m2\repository\commons-logging\commons-logging\1.2\commons-logging-1.2.jar;C:\Users\testinium\.m2\repository\commons-codec\commons-codec\1.11\commons-codec-1.11.jar;C:\Users\testinium\.m2\repository\cglib\cglib\3.2.12\cglib-3.2.12.jar;C:\Users\testinium\.m2\repository\org\ow2\asm\asm\7.1\asm-7.1.jar;C:\Users\testinium\.m2\repository\commons-validator\commons-validator\1.6\commons-validator-1.6.jar;C:\Users\testinium\.m2\repository\commons-beanutils\commons-beanutils\1.9.2\commons-beanutils-1.9.2.jar;C:\Users\testinium\.m2\repository\commons-digester\commons-digester\1.8.1\commons-digester-1.8.1.jar;C:\Users\testinium\.m2\repository\commons-collections\commons-collections\3.2.2\commons-collections-3.2.2.jar;C:\Users\testinium\.m2\repository\org\apache\commons\commons-lang3\3.9\commons-lang3-3.9.jar;C:\Users\testinium\.m2\repository\org\springframework\spring-context\5.1.8.RELEASE\spring-context-5.1.8.RELEASE.jar;C:\Users\testinium\.m2\repository\org\springframework\spring-aop\5.1.8.RELEASE\spring-aop-5.1.8.RELEASE.jar;C:\Users\testinium\.m2\repository\org\springframework\spring-beans\5.1.8.RELEASE\spring-beans-5.1.8.RELEASE.jar;C:\Users\testinium\.m2\repository\org\springframework\spring-core\5.1.8.RELEASE\spring-core-5.1.8.RELEASE.jar;C:\Users\testinium\.m2\repository\org\springframework\spring-jcl\5.1.8.RELEASE\spring-jcl-5.1.8.RELEASE.jar;C:\Users\testinium\.m2\repository\org\springframework\spring-expression\5.1.8.RELEASE\spring-expression-5.1.8.RELEASE.jar;C:\Users\testinium\.m2\repository\org\aspectj\aspectjweaver\1.9.4\aspectjweaver-1.9.4.jar;C:\Users\testinium\.m2\repository\org\slf4j\slf4j-api\1.7.26\slf4j-api-1.7.26.jar;C:\Users\testinium\.m2\repository\io\github\bonigarcia\webdrivermanager\2.2.2\webdrivermanager-2.2.2.jar;C:\Users\testinium\.m2\repository\org\rauschig\jarchivelib\0.7.1\jarchivelib-0.7.1.jar;C:\Users\testinium\.m2\repository\org\apache\commons\commons-compress\1.9\commons-compress-1.9.jar;C:\Users\testinium\.m2\repository\org\jsoup\jsoup\1.11.3\jsoup-1.11.3.jar;C:\Users\testinium\.m2\repository\org\reflections\reflections\0.9.10\reflections-0.9.10.jar;C:\Users\testinium\.m2\repository\org\javassist\javassist\3.19.0-GA\javassist-3.19.0-GA.jar;C:\Users\testinium\.m2\repository\com\google\code\findbugs\annotations\2.0.1\annotations-2.0.1.jar
17-08-2020 17:53:38.039 [java] [DEBUG] found java executable in C:\Program Files\Java\jdk1.8.0_261\jre\bin\java.exe
17-08-2020 17:53:38.039 [java] [DEBUG] running - C:\Program Files\Java\jdk1.8.0_261\jre\bin\java.exe [-Dfile.encoding=UTF-8 com.thoughtworks.gauge.GaugeRuntime --start]
17-08-2020 17:53:38.039 [java] [DEBUG] stdout/stderr is logged to logs\7116-java.exe.out
17-08-2020 17:53:38.235 [java] [DEBUG] multithreading is set to false
17-08-2020 17:53:38.497 [java] [DEBUG] Using reflection to scan dependencies for gauge implementations...
17-08-2020 17:53:38.652 [java] [ERROR] SLF4J: Failed to load class "org.slf4j.impl.StaticLoggerBinder".
17-08-2020 17:53:38.652 [java] [ERROR] SLF4J: Defaulting to no-operation (NOP) logger implementation
17-08-2020 17:53:38.652 [java] [ERROR] SLF4J: See http://www.slf4j.org/codes.html#StaticLoggerBinder for further details.
17-08-2020 17:53:39.150 [java] [DEBUG] gauge-java took 913milliseconds to load and scan. This should be less than 'runner_connection_timeout' config value.
17-08-2020 17:53:39.150 [java] [DEBUG] run 'gauge config runner_connection_timeout' and verify that it is < 913
17-08-2020 17:53:39.150 [java] [DEBUG] starting gRPC server...
17-08-2020 17:53:39.782 [java] [DEBUG] started gRPC server on port 54535
17-08-2020 17:53:39.782 [Gauge] [DEBUG] Attempting to connect to grpc server at port: 54535
17-08-2020 17:53:39.969 [Gauge] [DEBUG] Successfully made the connection with runner with port: 54535
17-08-2020 17:53:39.970 [Gauge] [DEBUG] Validation started.
17-08-2020 17:53:43.660 [java] [DEBUG] Scanning packages for steps
17-08-2020 17:53:43.715 [java] [DEBUG] Comparing 'com.testinium.StepImplementation.start' and 'com.testinium.StepImplementation.start'
17-08-2020 17:53:43.715 [java] [DEBUG] Found start in current project scope.
17-08-2020 17:53:43.715 [java] [DEBUG] Scanning packages for hooks
17-08-2020 17:53:43.727 [java] [DEBUG] Scanned steps (using static parsing + reflections): 
17-08-2020 17:53:43.727 [java] [DEBUG] 	start : public void start()
17-08-2020 17:53:49.463 [Gauge] [DEBUG] Validation completed.
17-08-2020 17:53:49.467 [Gauge] [DEBUG] Run started
17-08-2020 17:53:49.469 [Gauge] [DEBUG] Starting Html Report plugin
17-08-2020 17:53:49.496 [Gauge] [DEBUG] Attempting to connect to grpc server at port: 54541
17-08-2020 17:53:49.498 [Gauge] [DEBUG] Successfully made the connection with plugin with port: 54541
17-08-2020 17:53:49.499 [Gauge] [DEBUG] Initialising suite data store.
17-08-2020 17:54:06.025 [java] [ERROR] Aug 17, 2020 5:54:05 PM io.appium.java_client.remote.AppiumCommandExecutor$1 lambda$0
17-08-2020 17:54:06.025 [java] [ERROR] INFO: Detected dialect: W3C
17-08-2020 17:54:06.197 [java] [DEBUG] Executing 'start' using 'class com.testinium.StepImplementation.start
17-08-2020 17:54:18.578 [html-report] [DEBUG] Transformed SuiteResult to report structure
17-08-2020 17:54:18.622 [html-report] [INFO] Successfully generated html-report to => C:\Users\testinium\Desktop\THYMobilTest\reports\html-report\index.html
17-08-2020 17:54:18.622 [html-report] [DEBUG] Done generating HTML report using theme from C:\Users\testinium\AppData\Roaming\gauge\plugins\html-report\4.0.12\themes\default
17-08-2020 17:54:18.622 [Gauge] [DEBUG] Sending kill message to Html Report plugin.
17-08-2020 17:54:19.238 [Gauge] [DEBUG] Runner with PID:7116 has exited
17-08-2020 17:54:19.238 [Gauge] [INFO] Specifications:	1 executed	1 passed	0 failed	0 skipped
17-08-2020 17:54:19.238 [Gauge] [INFO] Scenarios:	1 executed	1 passed	0 failed	0 skipped
17-08-2020 17:54:19.239 [Gauge] [INFO] 
Total time taken: 29.105s
17-08-2020 17:54:44.809 [Gauge] [DEBUG] Created gauge_screenshots_dir at C:\Users\testinium\Desktop\THYMobilTest\.gauge\screenshots
17-08-2020 17:54:44.811 [Gauge] [DEBUG] Plugin java is already installed.
17-08-2020 17:54:44.812 [Gauge] [DEBUG] Plugin html-report is already installed.
17-08-2020 17:54:44.812 [Gauge] [DEBUG] Parsing started.
17-08-2020 17:54:44.812 [Gauge] [DEBUG] Started concepts parsing.
17-08-2020 17:54:44.815 [Gauge] [DEBUG] 0 concepts parsing completed.
17-08-2020 17:54:44.815 [Gauge] [DEBUG] Started specifications parsing.
17-08-2020 17:54:44.816 [Gauge] [DEBUG] 1 specifications parsing completed.
17-08-2020 17:54:44.816 [Gauge] [DEBUG] Parsing completed.
17-08-2020 17:54:44.837 [java] [DEBUG] ***** Printing Properties/Env Values *****
17-08-2020 17:54:44.837 [java] [DEBUG] PATH: C:\Program Files (x86)\Common Files\Oracle\Java\javapath;C:\Windows\system32;C:\Windows;C:\Windows\System32\Wbem;C:\Windows\System32\WindowsPowerShell\v1.0\;C:\Windows\System32\OpenSSH\;C:\Program Files (x86)\Intel\Intel(R) Management Engine Components\DAL;C:\Program Files\Intel\Intel(R) Management Engine Components\DAL;C:\ProgramData\chocolatey\bin;C:\Program Files\Gauge\bin;C:\Program Files\Git\cmd;C:\Program Files\apache-maven-3.6.3\bin;C:\Users\testinium\AppData\Local\Android\Sdk\platform-tools;C:\Users\testinium\AppData\Local\Android\Sdk\tools;C:\Users\testinium\AppData\Local\Android\Sdk\tools\bin;C:\Program Files\Java\jdk1.8.0_261\bin;C:\Users\testinium\AppData\Local\Microsoft\WindowsApps;C:\Program Files\JetBrains\IntelliJ IDEA Community Edition 2020.1.4\bin;C:\Users\testinium\AppData\Local\GitHubDesktop\bin;C:\Users\testinium\AppData\Local\Programs\Microsoft VS Code\bin;C:\Program Files\JetBrains\IntelliJ IDEA Community Edition 2020.2\bin;;C:\Users\testinium\AppData\Roaming\gauge\plugins\screenshot\0.0.1
17-08-2020 17:54:44.837 [java] [DEBUG] JAVA_HOME: C:\Program Files\Java\jdk1.8.0_261
17-08-2020 17:54:44.837 [java] [DEBUG] gauge_project_root: C:\Users\testinium\Desktop\THYMobilTest
17-08-2020 17:54:44.837 [java] [DEBUG] gauge_parallel_streams_count: 8
17-08-2020 17:54:44.837 [java] [DEBUG] gauge_reports_dir: reports
17-08-2020 17:54:44.837 [java] [DEBUG] overwrite_reports: true
17-08-2020 17:54:44.837 [java] [DEBUG] logs_directory: logs
17-08-2020 17:54:44.837 [java] [DEBUG] enable_multithreading: false
17-08-2020 17:54:44.837 [java] [DEBUG] gauge_specs_dir: specs
17-08-2020 17:54:44.837 [java] [DEBUG] csv_delimiter: ,
17-08-2020 17:54:44.837 [java] [DEBUG] gauge_java_home: 
17-08-2020 17:54:44.837 [java] [DEBUG] gauge_custom_build_path: 
17-08-2020 17:54:44.837 [java] [DEBUG] gauge_additional_libs: libs/*
17-08-2020 17:54:44.837 [java] [DEBUG] gauge_jvm_args: 
17-08-2020 17:54:44.837 [java] [DEBUG] gauge_custom_compile_dir: 
17-08-2020 17:54:44.837 [java] [DEBUG] gauge_clear_state_level: scenario
17-08-2020 17:54:44.837 [java] [DEBUG] ***** END *****
17-08-2020 17:54:45.121 [Gauge] [DEBUG] Checking updates...
17-08-2020 17:54:45.124 [Gauge] [DEBUG] Downloading https://downloads.gauge.org/plugin/html-report?l=java&p=html-report,java,json-report,screenshot,spectacle,xml-report&o=windows&a=amd64
17-08-2020 17:54:45.689 [Gauge] [DEBUG] Downloading https://downloads.gauge.org/plugin/java?l=java&p=html-report,java,json-report,screenshot,spectacle,xml-report&o=windows&a=amd64
17-08-2020 17:54:45.903 [Gauge] [DEBUG] Downloading https://downloads.gauge.org/plugin/json-report?l=java&p=html-report,java,json-report,screenshot,spectacle,xml-report&o=windows&a=amd64
17-08-2020 17:54:46.314 [Gauge] [DEBUG] Downloading https://downloads.gauge.org/plugin/screenshot?l=java&p=html-report,java,json-report,screenshot,spectacle,xml-report&o=windows&a=amd64
17-08-2020 17:54:46.457 [Gauge] [DEBUG] Downloading https://downloads.gauge.org/plugin/spectacle?l=java&p=html-report,java,json-report,screenshot,spectacle,xml-report&o=windows&a=amd64
17-08-2020 17:54:46.609 [Gauge] [DEBUG] Downloading https://downloads.gauge.org/plugin/xml-report?l=java&p=html-report,java,json-report,screenshot,spectacle,xml-report&o=windows&a=amd64
17-08-2020 17:54:48.945 [java] [DEBUG] classpath set to C:\Program Files\Java\jdk1.8.0_261\jre\lib\charsets.jar;C:\Program Files\Java\jdk1.8.0_261\jre\lib\deploy.jar;C:\Program Files\Java\jdk1.8.0_261\jre\lib\ext\access-bridge-64.jar;C:\Program Files\Java\jdk1.8.0_261\jre\lib\ext\cldrdata.jar;C:\Program Files\Java\jdk1.8.0_261\jre\lib\ext\dnsns.jar;C:\Program Files\Java\jdk1.8.0_261\jre\lib\ext\jaccess.jar;C:\Program Files\Java\jdk1.8.0_261\jre\lib\ext\jfxrt.jar;C:\Program Files\Java\jdk1.8.0_261\jre\lib\ext\localedata.jar;C:\Program Files\Java\jdk1.8.0_261\jre\lib\ext\nashorn.jar;C:\Program Files\Java\jdk1.8.0_261\jre\lib\ext\sunec.jar;C:\Program Files\Java\jdk1.8.0_261\jre\lib\ext\sunjce_provider.jar;C:\Program Files\Java\jdk1.8.0_261\jre\lib\ext\sunmscapi.jar;C:\Program Files\Java\jdk1.8.0_261\jre\lib\ext\sunpkcs11.jar;C:\Program Files\Java\jdk1.8.0_261\jre\lib\ext\zipfs.jar;C:\Program Files\Java\jdk1.8.0_261\jre\lib\javaws.jar;C:\Program Files\Java\jdk1.8.0_261\jre\lib\jce.jar;C:\Program Files\Java\jdk1.8.0_261\jre\lib\jfr.jar;C:\Program Files\Java\jdk1.8.0_261\jre\lib\jfxswt.jar;C:\Program Files\Java\jdk1.8.0_261\jre\lib\jsse.jar;C:\Program Files\Java\jdk1.8.0_261\jre\lib\management-agent.jar;C:\Program Files\Java\jdk1.8.0_261\jre\lib\plugin.jar;C:\Program Files\Java\jdk1.8.0_261\jre\lib\resources.jar;C:\Program Files\Java\jdk1.8.0_261\jre\lib\rt.jar;C:\Users\testinium\Desktop\THYMobilTest\target\test-classes;C:\Users\testinium\.m2\repository\com\thoughtworks\gauge\gauge-java\0.7.9\gauge-java-0.7.9.jar;C:\Users\testinium\.m2\repository\com\github\javaparser\javaparser-core\3.16.1\javaparser-core-3.16.1.jar;C:\Users\testinium\.m2\repository\commons-io\commons-io\2.7\commons-io-2.7.jar;C:\Users\testinium\.m2\repository\commons-lang\commons-lang\2.6\commons-lang-2.6.jar;C:\Users\testinium\.m2\repository\org\json\json\20200518\json-20200518.jar;C:\Users\testinium\.m2\repository\com\google\protobuf\protobuf-java\3.12.2\protobuf-java-3.12.2.jar;C:\Users\testinium\.m2\repository\com\google\guava\guava\29.0-jre\guava-29.0-jre.jar;C:\Users\testinium\.m2\repository\com\google\guava\failureaccess\1.0.1\failureaccess-1.0.1.jar;C:\Users\testinium\.m2\repository\com\google\guava\listenablefuture\9999.0-empty-to-avoid-conflict-with-guava\listenablefuture-9999.0-empty-to-avoid-conflict-with-guava.jar;C:\Users\testinium\.m2\repository\com\google\code\findbugs\jsr305\3.0.2\jsr305-3.0.2.jar;C:\Users\testinium\.m2\repository\org\checkerframework\checker-qual\2.11.1\checker-qual-2.11.1.jar;C:\Users\testinium\.m2\repository\com\google\errorprone\error_prone_annotations\2.3.4\error_prone_annotations-2.3.4.jar;C:\Users\testinium\.m2\repository\com\google\j2objc\j2objc-annotations\1.3\j2objc-annotations-1.3.jar;C:\Users\testinium\.m2\repository\io\grpc\grpc-netty-shaded\1.30.2\grpc-netty-shaded-1.30.2.jar;C:\Users\testinium\.m2\repository\io\grpc\grpc-core\1.30.2\grpc-core-1.30.2.jar;C:\Users\testinium\.m2\repository\com\google\android\annotations\4.1.1.4\annotations-4.1.1.4.jar;C:\Users\testinium\.m2\repository\io\perfmark\perfmark-api\0.19.0\perfmark-api-0.19.0.jar;C:\Users\testinium\.m2\repository\io\grpc\grpc-protobuf\1.30.2\grpc-protobuf-1.30.2.jar;C:\Users\testinium\.m2\repository\io\grpc\grpc-api\1.30.2\grpc-api-1.30.2.jar;C:\Users\testinium\.m2\repository\io\grpc\grpc-context\1.30.2\grpc-context-1.30.2.jar;C:\Users\testinium\.m2\repository\com\google\api\grpc\proto-google-common-protos\1.17.0\proto-google-common-protos-1.17.0.jar;C:\Users\testinium\.m2\repository\io\grpc\grpc-protobuf-lite\1.30.2\grpc-protobuf-lite-1.30.2.jar;C:\Users\testinium\.m2\repository\org\codehaus\mojo\animal-sniffer-annotations\1.18\animal-sniffer-annotations-1.18.jar;C:\Users\testinium\.m2\repository\io\grpc\grpc-stub\1.30.2\grpc-stub-1.30.2.jar;C:\Users\testinium\.m2\repository\javax\annotation\javax.annotation-api\1.3.2\javax.annotation-api-1.3.2.jar;C:\Users\testinium\.m2\repository\org\assertj\assertj-core\3.10.0\assertj-core-3.10.0.jar;C:\Users\testinium\.m2\repository\org\seleniumhq\selenium\selenium-java\3.141.59\selenium-java-3.141.59.jar;C:\Users\testinium\.m2\repository\org\seleniumhq\selenium\selenium-api\3.141.59\selenium-api-3.141.59.jar;C:\Users\testinium\.m2\repository\org\seleniumhq\selenium\selenium-chrome-driver\3.141.59\selenium-chrome-driver-3.141.59.jar;C:\Users\testinium\.m2\repository\org\seleniumhq\selenium\selenium-edge-driver\3.141.59\selenium-edge-driver-3.141.59.jar;C:\Users\testinium\.m2\repository\org\seleniumhq\selenium\selenium-firefox-driver\3.141.59\selenium-firefox-driver-3.141.59.jar;C:\Users\testinium\.m2\repository\org\seleniumhq\selenium\selenium-ie-driver\3.141.59\selenium-ie-driver-3.141.59.jar;C:\Users\testinium\.m2\repository\org\seleniumhq\selenium\selenium-opera-driver\3.141.59\selenium-opera-driver-3.141.59.jar;C:\Users\testinium\.m2\repository\org\seleniumhq\selenium\selenium-remote-driver\3.141.59\selenium-remote-driver-3.141.59.jar;C:\Users\testinium\.m2\repository\org\seleniumhq\selenium\selenium-safari-driver\3.141.59\selenium-safari-driver-3.141.59.jar;C:\Users\testinium\.m2\repository\org\seleniumhq\selenium\selenium-support\3.141.59\selenium-support-3.141.59.jar;C:\Users\testinium\.m2\repository\net\bytebuddy\byte-buddy\1.8.15\byte-buddy-1.8.15.jar;C:\Users\testinium\.m2\repository\org\apache\commons\commons-exec\1.3\commons-exec-1.3.jar;C:\Users\testinium\.m2\repository\com\squareup\okhttp3\okhttp\3.11.0\okhttp-3.11.0.jar;C:\Users\testinium\.m2\repository\com\squareup\okio\okio\1.14.0\okio-1.14.0.jar;C:\Users\testinium\.m2\repository\io\appium\java-client\7.3.0\java-client-7.3.0.jar;C:\Users\testinium\.m2\repository\com\google\code\gson\gson\2.8.5\gson-2.8.5.jar;C:\Users\testinium\.m2\repository\org\apache\httpcomponents\httpclient\4.5.9\httpclient-4.5.9.jar;C:\Users\testinium\.m2\repository\org\apache\httpcomponents\httpcore\4.4.11\httpcore-4.4.11.jar;C:\Users\testinium\.m2\repository\commons-logging\commons-logging\1.2\commons-logging-1.2.jar;C:\Users\testinium\.m2\repository\commons-codec\commons-codec\1.11\commons-codec-1.11.jar;C:\Users\testinium\.m2\repository\cglib\cglib\3.2.12\cglib-3.2.12.jar;C:\Users\testinium\.m2\repository\org\ow2\asm\asm\7.1\asm-7.1.jar;C:\Users\testinium\.m2\repository\commons-validator\commons-validator\1.6\commons-validator-1.6.jar;C:\Users\testinium\.m2\repository\commons-beanutils\commons-beanutils\1.9.2\commons-beanutils-1.9.2.jar;C:\Users\testinium\.m2\repository\commons-digester\commons-digester\1.8.1\commons-digester-1.8.1.jar;C:\Users\testinium\.m2\repository\commons-collections\commons-collections\3.2.2\commons-collections-3.2.2.jar;C:\Users\testinium\.m2\repository\org\apache\commons\commons-lang3\3.9\commons-lang3-3.9.jar;C:\Users\testinium\.m2\repository\org\springframework\spring-context\5.1.8.RELEASE\spring-context-5.1.8.RELEASE.jar;C:\Users\testinium\.m2\repository\org\springframework\spring-aop\5.1.8.RELEASE\spring-aop-5.1.8.RELEASE.jar;C:\Users\testinium\.m2\repository\org\springframework\spring-beans\5.1.8.RELEASE\spring-beans-5.1.8.RELEASE.jar;C:\Users\testinium\.m2\repository\org\springframework\spring-core\5.1.8.RELEASE\spring-core-5.1.8.RELEASE.jar;C:\Users\testinium\.m2\repository\org\springframework\spring-jcl\5.1.8.RELEASE\spring-jcl-5.1.8.RELEASE.jar;C:\Users\testinium\.m2\repository\org\springframework\spring-expression\5.1.8.RELEASE\spring-expression-5.1.8.RELEASE.jar;C:\Users\testinium\.m2\repository\org\aspectj\aspectjweaver\1.9.4\aspectjweaver-1.9.4.jar;C:\Users\testinium\.m2\repository\org\slf4j\slf4j-api\1.7.26\slf4j-api-1.7.26.jar;C:\Users\testinium\.m2\repository\io\github\bonigarcia\webdrivermanager\2.2.2\webdrivermanager-2.2.2.jar;C:\Users\testinium\.m2\repository\org\rauschig\jarchivelib\0.7.1\jarchivelib-0.7.1.jar;C:\Users\testinium\.m2\repository\org\apache\commons\commons-compress\1.9\commons-compress-1.9.jar;C:\Users\testinium\.m2\repository\org\jsoup\jsoup\1.11.3\jsoup-1.11.3.jar;C:\Users\testinium\.m2\repository\org\reflections\reflections\0.9.10\reflections-0.9.10.jar;C:\Users\testinium\.m2\repository\org\javassist\javassist\3.19.0-GA\javassist-3.19.0-GA.jar;C:\Users\testinium\.m2\repository\com\google\code\findbugs\annotations\2.0.1\annotations-2.0.1.jar
17-08-2020 17:54:48.981 [java] [DEBUG] found java executable in C:\Program Files\Java\jdk1.8.0_261\jre\bin\java.exe
17-08-2020 17:54:48.981 [java] [DEBUG] running - C:\Program Files\Java\jdk1.8.0_261\jre\bin\java.exe [-Dfile.encoding=UTF-8 com.thoughtworks.gauge.GaugeRuntime --start]
17-08-2020 17:54:48.981 [java] [DEBUG] stdout/stderr is logged to logs\6172-java.exe.out
17-08-2020 17:54:49.161 [java] [DEBUG] multithreading is set to false
17-08-2020 17:54:49.416 [java] [DEBUG] Using reflection to scan dependencies for gauge implementations...
17-08-2020 17:54:49.545 [java] [ERROR] SLF4J: Failed to load class "org.slf4j.impl.StaticLoggerBinder".
17-08-2020 17:54:49.545 [java] [ERROR] SLF4J: Defaulting to no-operation (NOP) logger implementation
17-08-2020 17:54:49.545 [java] [ERROR] SLF4J: See http://www.slf4j.org/codes.html#StaticLoggerBinder for further details.
17-08-2020 17:54:49.975 [java] [DEBUG] gauge-java took 813milliseconds to load and scan. This should be less than 'runner_connection_timeout' config value.
17-08-2020 17:54:49.975 [java] [DEBUG] run 'gauge config runner_connection_timeout' and verify that it is < 813
17-08-2020 17:54:49.975 [java] [DEBUG] starting gRPC server...
17-08-2020 17:54:50.476 [java] [DEBUG] started gRPC server on port 54684
17-08-2020 17:54:50.476 [Gauge] [DEBUG] Attempting to connect to grpc server at port: 54684
17-08-2020 17:54:50.665 [Gauge] [DEBUG] Successfully made the connection with runner with port: 54684
17-08-2020 17:54:50.665 [Gauge] [DEBUG] Validation started.
17-08-2020 17:54:53.337 [java] [DEBUG] Scanning packages for steps
17-08-2020 17:54:53.385 [java] [DEBUG] Comparing 'com.testinium.StepImplementation.start' and 'com.testinium.StepImplementation.start'
17-08-2020 17:54:53.385 [java] [DEBUG] Found start in current project scope.
17-08-2020 17:54:53.385 [java] [DEBUG] Scanning packages for hooks
17-08-2020 17:54:53.397 [java] [DEBUG] Scanned steps (using static parsing + reflections): 
17-08-2020 17:54:53.398 [java] [DEBUG] 	start : public void start()
17-08-2020 17:54:55.862 [Gauge] [DEBUG] Validation completed.
17-08-2020 17:54:55.863 [Gauge] [DEBUG] Run started
17-08-2020 17:54:55.863 [Gauge] [DEBUG] Starting Html Report plugin
17-08-2020 17:54:55.890 [Gauge] [DEBUG] Attempting to connect to grpc server at port: 54688
17-08-2020 17:54:55.891 [Gauge] [DEBUG] Successfully made the connection with plugin with port: 54688
17-08-2020 17:54:55.891 [Gauge] [DEBUG] Initialising suite data store.
17-08-2020 17:55:08.019 [java] [ERROR] Aug 17, 2020 5:55:08 PM io.appium.java_client.remote.AppiumCommandExecutor$1 lambda$0
17-08-2020 17:55:08.019 [java] [ERROR] INFO: Detected dialect: W3C
17-08-2020 17:55:08.103 [java] [DEBUG] Executing 'start' using 'class com.testinium.StepImplementation.start
17-08-2020 17:55:21.861 [html-report] [DEBUG] Transformed SuiteResult to report structure
17-08-2020 17:55:21.907 [html-report] [INFO] Successfully generated html-report to => C:\Users\testinium\Desktop\THYMobilTest\reports\html-report\index.html
17-08-2020 17:55:21.908 [html-report] [DEBUG] Done generating HTML report using theme from C:\Users\testinium\AppData\Roaming\gauge\plugins\html-report\4.0.12\themes\default
17-08-2020 17:55:21.908 [Gauge] [DEBUG] Sending kill message to Html Report plugin.
17-08-2020 17:55:22.525 [Gauge] [DEBUG] Runner with PID:6172 has exited
17-08-2020 17:55:22.526 [Gauge] [INFO] Specifications:	1 executed	1 passed	0 failed	0 skipped
17-08-2020 17:55:22.526 [Gauge] [INFO] Scenarios:	1 executed	1 passed	0 failed	0 skipped
17-08-2020 17:55:22.532 [Gauge] [INFO] 
Total time taken: 25.992s
17-08-2020 18:08:01.785 [Gauge] [DEBUG] Created gauge_screenshots_dir at C:\Users\testinium\Desktop\THYMobilTest\.gauge\screenshots
17-08-2020 18:08:01.795 [Gauge] [DEBUG] Plugin java is already installed.
17-08-2020 18:08:01.797 [Gauge] [DEBUG] Plugin html-report is already installed.
17-08-2020 18:08:01.799 [Gauge] [DEBUG] Parsing started.
17-08-2020 18:08:01.800 [Gauge] [DEBUG] Started concepts parsing.
17-08-2020 18:08:01.812 [Gauge] [DEBUG] 0 concepts parsing completed.
17-08-2020 18:08:01.812 [Gauge] [DEBUG] Started specifications parsing.
17-08-2020 18:08:01.819 [Gauge] [DEBUG] 1 specifications parsing completed.
17-08-2020 18:08:01.820 [Gauge] [DEBUG] Parsing completed.
17-08-2020 18:08:01.853 [java] [DEBUG] ***** Printing Properties/Env Values *****
17-08-2020 18:08:01.853 [java] [DEBUG] PATH: C:\Program Files (x86)\Common Files\Oracle\Java\javapath;C:\Windows\system32;C:\Windows;C:\Windows\System32\Wbem;C:\Windows\System32\WindowsPowerShell\v1.0\;C:\Windows\System32\OpenSSH\;C:\Program Files (x86)\Intel\Intel(R) Management Engine Components\DAL;C:\Program Files\Intel\Intel(R) Management Engine Components\DAL;C:\ProgramData\chocolatey\bin;C:\Program Files\Gauge\bin;C:\Program Files\Git\cmd;C:\Program Files\apache-maven-3.6.3\bin;C:\Users\testinium\AppData\Local\Android\Sdk\platform-tools;C:\Users\testinium\AppData\Local\Android\Sdk\tools;C:\Users\testinium\AppData\Local\Android\Sdk\tools\bin;C:\Program Files\Java\jdk1.8.0_261\bin;C:\Users\testinium\AppData\Local\Microsoft\WindowsApps;C:\Program Files\JetBrains\IntelliJ IDEA Community Edition 2020.1.4\bin;C:\Users\testinium\AppData\Local\GitHubDesktop\bin;C:\Users\testinium\AppData\Local\Programs\Microsoft VS Code\bin;C:\Program Files\JetBrains\IntelliJ IDEA Community Edition 2020.2\bin;;C:\Users\testinium\AppData\Roaming\gauge\plugins\screenshot\0.0.1
17-08-2020 18:08:01.854 [java] [DEBUG] JAVA_HOME: C:\Program Files\Java\jdk1.8.0_261
17-08-2020 18:08:01.854 [java] [DEBUG] gauge_project_root: C:\Users\testinium\Desktop\THYMobilTest
17-08-2020 18:08:01.854 [java] [DEBUG] gauge_parallel_streams_count: 8
17-08-2020 18:08:01.854 [java] [DEBUG] gauge_reports_dir: reports
17-08-2020 18:08:01.854 [java] [DEBUG] overwrite_reports: true
17-08-2020 18:08:01.854 [java] [DEBUG] logs_directory: logs
17-08-2020 18:08:01.854 [java] [DEBUG] enable_multithreading: false
17-08-2020 18:08:01.854 [java] [DEBUG] gauge_specs_dir: specs
17-08-2020 18:08:01.854 [java] [DEBUG] csv_delimiter: ,
17-08-2020 18:08:01.854 [java] [DEBUG] gauge_java_home: 
17-08-2020 18:08:01.854 [java] [DEBUG] gauge_custom_build_path: 
17-08-2020 18:08:01.854 [java] [DEBUG] gauge_additional_libs: libs/*
17-08-2020 18:08:01.854 [java] [DEBUG] gauge_jvm_args: 
17-08-2020 18:08:01.854 [java] [DEBUG] gauge_custom_compile_dir: 
17-08-2020 18:08:01.854 [java] [DEBUG] gauge_clear_state_level: scenario
17-08-2020 18:08:01.854 [java] [DEBUG] ***** END *****
17-08-2020 18:08:02.171 [Gauge] [DEBUG] Checking updates...
17-08-2020 18:08:02.174 [Gauge] [DEBUG] Downloading https://downloads.gauge.org/plugin/html-report?l=java&p=html-report,java,json-report,screenshot,spectacle,xml-report&o=windows&a=amd64
17-08-2020 18:08:03.752 [Gauge] [DEBUG] Downloading https://downloads.gauge.org/plugin/java?l=java&p=html-report,java,json-report,screenshot,spectacle,xml-report&o=windows&a=amd64
17-08-2020 18:08:03.969 [Gauge] [DEBUG] Downloading https://downloads.gauge.org/plugin/json-report?l=java&p=html-report,java,json-report,screenshot,spectacle,xml-report&o=windows&a=amd64
17-08-2020 18:08:04.169 [Gauge] [DEBUG] Downloading https://downloads.gauge.org/plugin/screenshot?l=java&p=html-report,java,json-report,screenshot,spectacle,xml-report&o=windows&a=amd64
17-08-2020 18:08:04.327 [Gauge] [DEBUG] Downloading https://downloads.gauge.org/plugin/spectacle?l=java&p=html-report,java,json-report,screenshot,spectacle,xml-report&o=windows&a=amd64
17-08-2020 18:08:04.499 [Gauge] [DEBUG] Downloading https://downloads.gauge.org/plugin/xml-report?l=java&p=html-report,java,json-report,screenshot,spectacle,xml-report&o=windows&a=amd64
17-08-2020 18:08:06.815 [java] [DEBUG] classpath set to C:\Program Files\Java\jdk1.8.0_261\jre\lib\charsets.jar;C:\Program Files\Java\jdk1.8.0_261\jre\lib\deploy.jar;C:\Program Files\Java\jdk1.8.0_261\jre\lib\ext\access-bridge-64.jar;C:\Program Files\Java\jdk1.8.0_261\jre\lib\ext\cldrdata.jar;C:\Program Files\Java\jdk1.8.0_261\jre\lib\ext\dnsns.jar;C:\Program Files\Java\jdk1.8.0_261\jre\lib\ext\jaccess.jar;C:\Program Files\Java\jdk1.8.0_261\jre\lib\ext\jfxrt.jar;C:\Program Files\Java\jdk1.8.0_261\jre\lib\ext\localedata.jar;C:\Program Files\Java\jdk1.8.0_261\jre\lib\ext\nashorn.jar;C:\Program Files\Java\jdk1.8.0_261\jre\lib\ext\sunec.jar;C:\Program Files\Java\jdk1.8.0_261\jre\lib\ext\sunjce_provider.jar;C:\Program Files\Java\jdk1.8.0_261\jre\lib\ext\sunmscapi.jar;C:\Program Files\Java\jdk1.8.0_261\jre\lib\ext\sunpkcs11.jar;C:\Program Files\Java\jdk1.8.0_261\jre\lib\ext\zipfs.jar;C:\Program Files\Java\jdk1.8.0_261\jre\lib\javaws.jar;C:\Program Files\Java\jdk1.8.0_261\jre\lib\jce.jar;C:\Program Files\Java\jdk1.8.0_261\jre\lib\jfr.jar;C:\Program Files\Java\jdk1.8.0_261\jre\lib\jfxswt.jar;C:\Program Files\Java\jdk1.8.0_261\jre\lib\jsse.jar;C:\Program Files\Java\jdk1.8.0_261\jre\lib\management-agent.jar;C:\Program Files\Java\jdk1.8.0_261\jre\lib\plugin.jar;C:\Program Files\Java\jdk1.8.0_261\jre\lib\resources.jar;C:\Program Files\Java\jdk1.8.0_261\jre\lib\rt.jar;C:\Users\testinium\Desktop\THYMobilTest\target\test-classes;C:\Users\testinium\.m2\repository\com\thoughtworks\gauge\gauge-java\0.7.9\gauge-java-0.7.9.jar;C:\Users\testinium\.m2\repository\com\github\javaparser\javaparser-core\3.16.1\javaparser-core-3.16.1.jar;C:\Users\testinium\.m2\repository\commons-io\commons-io\2.7\commons-io-2.7.jar;C:\Users\testinium\.m2\repository\commons-lang\commons-lang\2.6\commons-lang-2.6.jar;C:\Users\testinium\.m2\repository\org\json\json\20200518\json-20200518.jar;C:\Users\testinium\.m2\repository\com\google\protobuf\protobuf-java\3.12.2\protobuf-java-3.12.2.jar;C:\Users\testinium\.m2\repository\com\google\guava\guava\29.0-jre\guava-29.0-jre.jar;C:\Users\testinium\.m2\repository\com\google\guava\failureaccess\1.0.1\failureaccess-1.0.1.jar;C:\Users\testinium\.m2\repository\com\google\guava\listenablefuture\9999.0-empty-to-avoid-conflict-with-guava\listenablefuture-9999.0-empty-to-avoid-conflict-with-guava.jar;C:\Users\testinium\.m2\repository\com\google\code\findbugs\jsr305\3.0.2\jsr305-3.0.2.jar;C:\Users\testinium\.m2\repository\org\checkerframework\checker-qual\2.11.1\checker-qual-2.11.1.jar;C:\Users\testinium\.m2\repository\com\google\errorprone\error_prone_annotations\2.3.4\error_prone_annotations-2.3.4.jar;C:\Users\testinium\.m2\repository\com\google\j2objc\j2objc-annotations\1.3\j2objc-annotations-1.3.jar;C:\Users\testinium\.m2\repository\io\grpc\grpc-netty-shaded\1.30.2\grpc-netty-shaded-1.30.2.jar;C:\Users\testinium\.m2\repository\io\grpc\grpc-core\1.30.2\grpc-core-1.30.2.jar;C:\Users\testinium\.m2\repository\com\google\android\annotations\4.1.1.4\annotations-4.1.1.4.jar;C:\Users\testinium\.m2\repository\io\perfmark\perfmark-api\0.19.0\perfmark-api-0.19.0.jar;C:\Users\testinium\.m2\repository\io\grpc\grpc-protobuf\1.30.2\grpc-protobuf-1.30.2.jar;C:\Users\testinium\.m2\repository\io\grpc\grpc-api\1.30.2\grpc-api-1.30.2.jar;C:\Users\testinium\.m2\repository\io\grpc\grpc-context\1.30.2\grpc-context-1.30.2.jar;C:\Users\testinium\.m2\repository\com\google\api\grpc\proto-google-common-protos\1.17.0\proto-google-common-protos-1.17.0.jar;C:\Users\testinium\.m2\repository\io\grpc\grpc-protobuf-lite\1.30.2\grpc-protobuf-lite-1.30.2.jar;C:\Users\testinium\.m2\repository\org\codehaus\mojo\animal-sniffer-annotations\1.18\animal-sniffer-annotations-1.18.jar;C:\Users\testinium\.m2\repository\io\grpc\grpc-stub\1.30.2\grpc-stub-1.30.2.jar;C:\Users\testinium\.m2\repository\javax\annotation\javax.annotation-api\1.3.2\javax.annotation-api-1.3.2.jar;C:\Users\testinium\.m2\repository\org\assertj\assertj-core\3.10.0\assertj-core-3.10.0.jar;C:\Users\testinium\.m2\repository\org\seleniumhq\selenium\selenium-java\3.141.59\selenium-java-3.141.59.jar;C:\Users\testinium\.m2\repository\org\seleniumhq\selenium\selenium-api\3.141.59\selenium-api-3.141.59.jar;C:\Users\testinium\.m2\repository\org\seleniumhq\selenium\selenium-chrome-driver\3.141.59\selenium-chrome-driver-3.141.59.jar;C:\Users\testinium\.m2\repository\org\seleniumhq\selenium\selenium-edge-driver\3.141.59\selenium-edge-driver-3.141.59.jar;C:\Users\testinium\.m2\repository\org\seleniumhq\selenium\selenium-firefox-driver\3.141.59\selenium-firefox-driver-3.141.59.jar;C:\Users\testinium\.m2\repository\org\seleniumhq\selenium\selenium-ie-driver\3.141.59\selenium-ie-driver-3.141.59.jar;C:\Users\testinium\.m2\repository\org\seleniumhq\selenium\selenium-opera-driver\3.141.59\selenium-opera-driver-3.141.59.jar;C:\Users\testinium\.m2\repository\org\seleniumhq\selenium\selenium-remote-driver\3.141.59\selenium-remote-driver-3.141.59.jar;C:\Users\testinium\.m2\repository\org\seleniumhq\selenium\selenium-safari-driver\3.141.59\selenium-safari-driver-3.141.59.jar;C:\Users\testinium\.m2\repository\org\seleniumhq\selenium\selenium-support\3.141.59\selenium-support-3.141.59.jar;C:\Users\testinium\.m2\repository\net\bytebuddy\byte-buddy\1.8.15\byte-buddy-1.8.15.jar;C:\Users\testinium\.m2\repository\org\apache\commons\commons-exec\1.3\commons-exec-1.3.jar;C:\Users\testinium\.m2\repository\com\squareup\okhttp3\okhttp\3.11.0\okhttp-3.11.0.jar;C:\Users\testinium\.m2\repository\com\squareup\okio\okio\1.14.0\okio-1.14.0.jar;C:\Users\testinium\.m2\repository\io\appium\java-client\7.3.0\java-client-7.3.0.jar;C:\Users\testinium\.m2\repository\com\google\code\gson\gson\2.8.5\gson-2.8.5.jar;C:\Users\testinium\.m2\repository\org\apache\httpcomponents\httpclient\4.5.9\httpclient-4.5.9.jar;C:\Users\testinium\.m2\repository\org\apache\httpcomponents\httpcore\4.4.11\httpcore-4.4.11.jar;C:\Users\testinium\.m2\repository\commons-logging\commons-logging\1.2\commons-logging-1.2.jar;C:\Users\testinium\.m2\repository\commons-codec\commons-codec\1.11\commons-codec-1.11.jar;C:\Users\testinium\.m2\repository\cglib\cglib\3.2.12\cglib-3.2.12.jar;C:\Users\testinium\.m2\repository\org\ow2\asm\asm\7.1\asm-7.1.jar;C:\Users\testinium\.m2\repository\commons-validator\commons-validator\1.6\commons-validator-1.6.jar;C:\Users\testinium\.m2\repository\commons-beanutils\commons-beanutils\1.9.2\commons-beanutils-1.9.2.jar;C:\Users\testinium\.m2\repository\commons-digester\commons-digester\1.8.1\commons-digester-1.8.1.jar;C:\Users\testinium\.m2\repository\commons-collections\commons-collections\3.2.2\commons-collections-3.2.2.jar;C:\Users\testinium\.m2\repository\org\apache\commons\commons-lang3\3.9\commons-lang3-3.9.jar;C:\Users\testinium\.m2\repository\org\springframework\spring-context\5.1.8.RELEASE\spring-context-5.1.8.RELEASE.jar;C:\Users\testinium\.m2\repository\org\springframework\spring-aop\5.1.8.RELEASE\spring-aop-5.1.8.RELEASE.jar;C:\Users\testinium\.m2\repository\org\springframework\spring-beans\5.1.8.RELEASE\spring-beans-5.1.8.RELEASE.jar;C:\Users\testinium\.m2\repository\org\springframework\spring-core\5.1.8.RELEASE\spring-core-5.1.8.RELEASE.jar;C:\Users\testinium\.m2\repository\org\springframework\spring-jcl\5.1.8.RELEASE\spring-jcl-5.1.8.RELEASE.jar;C:\Users\testinium\.m2\repository\org\springframework\spring-expression\5.1.8.RELEASE\spring-expression-5.1.8.RELEASE.jar;C:\Users\testinium\.m2\repository\org\aspectj\aspectjweaver\1.9.4\aspectjweaver-1.9.4.jar;C:\Users\testinium\.m2\repository\org\slf4j\slf4j-api\1.7.26\slf4j-api-1.7.26.jar;C:\Users\testinium\.m2\repository\io\github\bonigarcia\webdrivermanager\2.2.2\webdrivermanager-2.2.2.jar;C:\Users\testinium\.m2\repository\org\rauschig\jarchivelib\0.7.1\jarchivelib-0.7.1.jar;C:\Users\testinium\.m2\repository\org\apache\commons\commons-compress\1.9\commons-compress-1.9.jar;C:\Users\testinium\.m2\repository\org\jsoup\jsoup\1.11.3\jsoup-1.11.3.jar;C:\Users\testinium\.m2\repository\org\reflections\reflections\0.9.10\reflections-0.9.10.jar;C:\Users\testinium\.m2\repository\org\javassist\javassist\3.19.0-GA\javassist-3.19.0-GA.jar;C:\Users\testinium\.m2\repository\com\google\code\findbugs\annotations\2.0.1\annotations-2.0.1.jar
17-08-2020 18:08:06.857 [java] [DEBUG] found java executable in C:\Program Files\Java\jdk1.8.0_261\jre\bin\java.exe
17-08-2020 18:08:06.858 [java] [DEBUG] running - C:\Program Files\Java\jdk1.8.0_261\jre\bin\java.exe [-Dfile.encoding=UTF-8 com.thoughtworks.gauge.GaugeRuntime --start]
17-08-2020 18:08:06.858 [java] [DEBUG] stdout/stderr is logged to logs\15420-java.exe.out
17-08-2020 18:08:07.098 [java] [DEBUG] multithreading is set to false
17-08-2020 18:08:07.452 [java] [DEBUG] Using reflection to scan dependencies for gauge implementations...
17-08-2020 18:08:07.679 [java] [ERROR] SLF4J: Failed to load class "org.slf4j.impl.StaticLoggerBinder".
17-08-2020 18:08:07.679 [java] [ERROR] SLF4J: Defaulting to no-operation (NOP) logger implementation
17-08-2020 18:08:07.679 [java] [ERROR] SLF4J: See http://www.slf4j.org/codes.html#StaticLoggerBinder for further details.
17-08-2020 18:08:08.272 [java] [DEBUG] gauge-java took 1174milliseconds to load and scan. This should be less than 'runner_connection_timeout' config value.
17-08-2020 18:08:08.272 [java] [DEBUG] run 'gauge config runner_connection_timeout' and verify that it is < 1174
17-08-2020 18:08:08.272 [java] [DEBUG] starting gRPC server...
17-08-2020 18:08:08.995 [java] [DEBUG] started gRPC server on port 55216
17-08-2020 18:08:08.995 [Gauge] [DEBUG] Attempting to connect to grpc server at port: 55216
17-08-2020 18:08:09.254 [Gauge] [DEBUG] Successfully made the connection with runner with port: 55216
17-08-2020 18:08:09.255 [Gauge] [DEBUG] Validation started.
17-08-2020 18:08:11.963 [java] [DEBUG] Scanning packages for steps
17-08-2020 18:08:12.009 [java] [DEBUG] Comparing 'com.testinium.StepImplementation.start' and 'com.testinium.StepImplementation.start'
17-08-2020 18:08:12.009 [java] [DEBUG] Found start in current project scope.
17-08-2020 18:08:12.011 [java] [DEBUG] Scanning packages for hooks
17-08-2020 18:08:12.089 [java] [DEBUG] Scanned steps (using static parsing + reflections): 
17-08-2020 18:08:12.090 [java] [DEBUG] 	start : public void start()
17-08-2020 18:08:16.478 [Gauge] [DEBUG] Validation completed.
17-08-2020 18:08:16.482 [Gauge] [DEBUG] Run started
17-08-2020 18:08:16.484 [Gauge] [DEBUG] Starting Html Report plugin
17-08-2020 18:08:16.514 [Gauge] [DEBUG] Attempting to connect to grpc server at port: 55220
17-08-2020 18:08:16.515 [Gauge] [DEBUG] Successfully made the connection with plugin with port: 55220
17-08-2020 18:08:16.515 [Gauge] [DEBUG] Initialising suite data store.
17-08-2020 18:08:31.147 [java] [ERROR] Aug 17, 2020 6:08:31 PM io.appium.java_client.remote.AppiumCommandExecutor$1 lambda$0
17-08-2020 18:08:31.147 [java] [ERROR] INFO: Detected dialect: W3C
17-08-2020 18:08:31.397 [java] [DEBUG] Executing 'start' using 'class com.testinium.StepImplementation.start
17-08-2020 18:09:22.888 [html-report] [DEBUG] Transformed SuiteResult to report structure
17-08-2020 18:09:22.958 [html-report] [INFO] Successfully generated html-report to => C:\Users\testinium\Desktop\THYMobilTest\reports\html-report\index.html
17-08-2020 18:09:22.958 [html-report] [DEBUG] Done generating HTML report using theme from C:\Users\testinium\AppData\Roaming\gauge\plugins\html-report\4.0.12\themes\default
17-08-2020 18:09:22.958 [Gauge] [DEBUG] Sending kill message to Html Report plugin.
17-08-2020 18:09:23.982 [Gauge] [DEBUG] Runner with PID:15420 has exited
17-08-2020 18:09:23.982 [Gauge] [INFO] Specifications:	1 executed	0 passed	1 failed	0 skipped
17-08-2020 18:09:23.982 [Gauge] [INFO] Scenarios:	1 executed	0 passed	1 failed	0 skipped
17-08-2020 18:09:23.982 [Gauge] [INFO] 
Total time taken: 1m6.386s
